[0;34mâ•”â•â•â•â•â•â•â•â•â•â•â•â•â•â•â•â•â•â•â•â•â•â•â•â•â•â•â•â•â•â•â•â•â•â•â•â•â•â•â•â•â•â•â•â•â•â•â•â•â•â•â•â•â•â•â•â•â•â•â•â•â•—[0m
[0;34mâ•‘  Hyper - Native Build                                     â•‘[0m
[0;34mâ•‘  Single Binary with Embedded UI                           â•‘[0m
[0;34mâ•šâ•â•â•â•â•â•â•â•â•â•â•â•â•â•â•â•â•â•â•â•â•â•â•â•â•â•â•â•â•â•â•â•â•â•â•â•â•â•â•â•â•â•â•â•â•â•â•â•â•â•â•â•â•â•â•â•â•â•â•â•â•[0m

[0;32mPlatform:[0m Windows 64-bit
[0;32mGo version:[0m go1.25.2
[0;32mNode version:[0m v22.14.0

[0;34m[1/4] Building UI...[0m
[1;33mBuilding production UI bundle...[0m

> ui@0.0.0 build
> tsc -b && vite build

[36mvite v7.1.7 [32mbuilding for production...[36m[39m
transforming...
[32mâœ“[39m 12969 modules transformed.
rendering chunks...
computing gzip size...
[2mdist/[22m[32mindex.html                                   [39m[1m[2m    0.47 kB[22m[1m[22m[2m â”‚ gzip:   0.29 kB[22m
[2mdist/[22m[35massets/index-CkQkEIRF.css                    [39m[1m[2m    7.29 kB[22m[1m[22m[2m â”‚ gzip:   1.83 kB[22m
[2mdist/[22m[36massets/agda-B52BUnON.js                      [39m[1m[2m    0.46 kB[22m[1m[22m[2m â”‚ gzip:   0.33 kB[22m
[2mdist/[22m[36massets/bash-Cvrc-eV-.js                      [39m[1m[2m    0.46 kB[22m[1m[22m[2m â”‚ gzip:   0.33 kB[22m
[2mdist/[22m[36massets/basic-DIzJT52H.js                     [39m[1m[2m    0.46 kB[22m[1m[22m[2m â”‚ gzip:   0.33 kB[22m
[2mdist/[22m[36massets/batch-B1PKFjD-.js                     [39m[1m[2m    0.46 kB[22m[1m[22m[2m â”‚ gzip:   0.33 kB[22m
[2mdist/[22m[36massets/bicep-Cnmd_tkC.js                     [39m[1m[2m    0.46 kB[22m[1m[22m[2m â”‚ gzip:   0.33 kB[22m
[2mdist/[22m[36massets/bison-BtfubwQj.js                     [39m[1m[2m    0.46 kB[22m[1m[22m[2m â”‚ gzip:   0.33 kB[22m
[2mdist/[22m[36massets/bnf-C3Cehzka.js                       [39m[1m[2m    0.46 kB[22m[1m[22m[2m â”‚ gzip:   0.33 kB[22m
[2mdist/[22m[36massets/brainfuck-Dk1xK9QN.js                 [39m[1m[2m    0.46 kB[22m[1m[22m[2m â”‚ gzip:   0.33 kB[22m
[2mdist/[22m[36massets/bro-BRDMBp3G.js                       [39m[1m[2m    0.46 kB[22m[1m[22m[2m â”‚ gzip:   0.33 kB[22m
[2mdist/[22m[36massets/dart-Bhq7KvzV.js                      [39m[1m[2m    0.46 kB[22m[1m[22m[2m â”‚ gzip:   0.33 kB[22m
[2mdist/[22m[36massets/dataweave-DaFbQj9F.js                 [39m[1m[2m    0.46 kB[22m[1m[22m[2m â”‚ gzip:   0.33 kB[22m
[2mdist/[22m[36massets/dax-rgh9PlMP.js                       [39m[1m[2m    0.46 kB[22m[1m[22m[2m â”‚ gzip:   0.33 kB[22m
[2mdist/[22m[36massets/django-vvza_He_.js                    [39m[1m[2m    0.46 kB[22m[1m[22m[2m â”‚ gzip:   0.34 kB[22m
[2mdist/[22m[36massets/docker-g63B44Bb.js                    [39m[1m[2m    0.46 kB[22m[1m[22m[2m â”‚ gzip:   0.33 kB[22m
[2mdist/[22m[36massets/dot-DD66bBAP.js                       [39m[1m[2m    0.46 kB[22m[1m[22m[2m â”‚ gzip:   0.33 kB[22m
[2mdist/[22m[36massets/erlang-C01ntJss.js                    [39m[1m[2m    0.46 kB[22m[1m[22m[2m â”‚ gzip:   0.33 kB[22m
[2mdist/[22m[36massets/gml-DpwEbOPR.js                       [39m[1m[2m    0.46 kB[22m[1m[22m[2m â”‚ gzip:   0.33 kB[22m
[2mdist/[22m[36massets/gn-DxxzXf62.js                        [39m[1m[2m    0.46 kB[22m[1m[22m[2m â”‚ gzip:   0.33 kB[22m
[2mdist/[22m[36massets/go-zGw2LtCN.js                        [39m[1m[2m    0.46 kB[22m[1m[22m[2m â”‚ gzip:   0.33 kB[22m
[2mdist/[22m[36massets/groovy-DoDPappi.js                    [39m[1m[2m    0.46 kB[22m[1m[22m[2m â”‚ gzip:   0.33 kB[22m
[2mdist/[22m[36massets/log-DHDu9tHY.js                       [39m[1m[2m    0.46 kB[22m[1m[22m[2m â”‚ gzip:   0.33 kB[22m
[2mdist/[22m[36massets/magma-Dy8bS_ax.js                     [39m[1m[2m    0.46 kB[22m[1m[22m[2m â”‚ gzip:   0.33 kB[22m
[2mdist/[22m[36massets/mongodb-BB64SRK9.js                   [39m[1m[2m    0.46 kB[22m[1m[22m[2m â”‚ gzip:   0.33 kB[22m
[2mdist/[22m[36massets/regex-U_5qSqOB.js                     [39m[1m[2m    0.46 kB[22m[1m[22m[2m â”‚ gzip:   0.33 kB[22m
[2mdist/[22m[36massets/rego-wvvR8qYv.js                      [39m[1m[2m    0.46 kB[22m[1m[22m[2m â”‚ gzip:   0.33 kB[22m
[2mdist/[22m[36massets/yang-DdZtuKsK.js                      [39m[1m[2m    0.46 kB[22m[1m[22m[2m â”‚ gzip:   0.33 kB[22m
[2mdist/[22m[36massets/abap-Xb5K2oUl.js                      [39m[1m[2m    0.46 kB[22m[1m[22m[2m â”‚ gzip:   0.33 kB[22m
[2mdist/[22m[36massets/abnf-BnNOIyP9.js                      [39m[1m[2m    0.46 kB[22m[1m[22m[2m â”‚ gzip:   0.34 kB[22m
[2mdist/[22m[36massets/actionscript-CTyCs0mJ.js              [39m[1m[2m    0.46 kB[22m[1m[22m[2m â”‚ gzip:   0.33 kB[22m
[2mdist/[22m[36massets/ada-B1r7Qlqj.js                       [39m[1m[2m    0.46 kB[22m[1m[22m[2m â”‚ gzip:   0.33 kB[22m
[2mdist/[22m[36massets/al-Hw2jIu91.js                        [39m[1m[2m    0.46 kB[22m[1m[22m[2m â”‚ gzip:   0.34 kB[22m
[2mdist/[22m[36massets/antlr4-Dnjt7CnM.js                    [39m[1m[2m    0.46 kB[22m[1m[22m[2m â”‚ gzip:   0.33 kB[22m
[2mdist/[22m[36massets/apacheconf-BcYuX0mu.js                [39m[1m[2m    0.46 kB[22m[1m[22m[2m â”‚ gzip:   0.33 kB[22m
[2mdist/[22m[36massets/apex-DISMis_5.js                      [39m[1m[2m    0.46 kB[22m[1m[22m[2m â”‚ gzip:   0.33 kB[22m
[2mdist/[22m[36massets/apl-C2XHUrh3.js                       [39m[1m[2m    0.46 kB[22m[1m[22m[2m â”‚ gzip:   0.33 kB[22m
[2mdist/[22m[36massets/applescript-D2ofxQGZ.js               [39m[1m[2m    0.46 kB[22m[1m[22m[2m â”‚ gzip:   0.34 kB[22m
[2mdist/[22m[36massets/aql-BcfqhFaq.js                       [39m[1m[2m    0.46 kB[22m[1m[22m[2m â”‚ gzip:   0.34 kB[22m
[2mdist/[22m[36massets/arduino-CXAVFa4b.js                   [39m[1m[2m    0.46 kB[22m[1m[22m[2m â”‚ gzip:   0.34 kB[22m
[2mdist/[22m[36massets/arff-ClQ_7cJi.js                      [39m[1m[2m    0.46 kB[22m[1m[22m[2m â”‚ gzip:   0.34 kB[22m
[2mdist/[22m[36massets/asciidoc-DsZTwHMV.js                  [39m[1m[2m    0.46 kB[22m[1m[22m[2m â”‚ gzip:   0.34 kB[22m
[2mdist/[22m[36massets/asm6502-Dt9SAIZB.js                   [39m[1m[2m    0.46 kB[22m[1m[22m[2m â”‚ gzip:   0.33 kB[22m
[2mdist/[22m[36massets/asmatmel-CP6FwrEv.js                  [39m[1m[2m    0.46 kB[22m[1m[22m[2m â”‚ gzip:   0.34 kB[22m
[2mdist/[22m[36massets/aspnet-DqeIbNbc.js                    [39m[1m[2m    0.46 kB[22m[1m[22m[2m â”‚ gzip:   0.33 kB[22m
[2mdist/[22m[36massets/autohotkey-DmftrlUH.js                [39m[1m[2m    0.46 kB[22m[1m[22m[2m â”‚ gzip:   0.33 kB[22m
[2mdist/[22m[36massets/autoit-CbxGom88.js                    [39m[1m[2m    0.46 kB[22m[1m[22m[2m â”‚ gzip:   0.33 kB[22m
[2mdist/[22m[36massets/avisynth-CsXdB6M2.js                  [39m[1m[2m    0.46 kB[22m[1m[22m[2m â”‚ gzip:   0.33 kB[22m
[2mdist/[22m[36massets/avro-idl-3RD3iUgG.js                  [39m[1m[2m    0.46 kB[22m[1m[22m[2m â”‚ gzip:   0.34 kB[22m
[2mdist/[22m[36massets/bbcode-CeIA-IBD.js                    [39m[1m[2m    0.46 kB[22m[1m[22m[2m â”‚ gzip:   0.33 kB[22m
[2mdist/[22m[36massets/birb-D0pw-HCk.js                      [39m[1m[2m    0.46 kB[22m[1m[22m[2m â”‚ gzip:   0.33 kB[22m
[2mdist/[22m[36massets/brightscript-DtGLYnT8.js              [39m[1m[2m    0.46 kB[22m[1m[22m[2m â”‚ gzip:   0.33 kB[22m
[2mdist/[22m[36massets/bsl-mwY7WzA6.js                       [39m[1m[2m    0.46 kB[22m[1m[22m[2m â”‚ gzip:   0.34 kB[22m
[2mdist/[22m[36massets/c-BRVrbO0L.js                         [39m[1m[2m    0.46 kB[22m[1m[22m[2m â”‚ gzip:   0.34 kB[22m
[2mdist/[22m[36massets/cfscript-udR1KfOn.js                  [39m[1m[2m    0.46 kB[22m[1m[22m[2m â”‚ gzip:   0.34 kB[22m
[2mdist/[22m[36massets/chaiscript-D5EKSKLA.js                [39m[1m[2m    0.46 kB[22m[1m[22m[2m â”‚ gzip:   0.34 kB[22m
[2mdist/[22m[36massets/cil-enlRXhHZ.js                       [39m[1m[2m    0.46 kB[22m[1m[22m[2m â”‚ gzip:   0.34 kB[22m
[2mdist/[22m[36massets/clike-N09gk8X4.js                     [39m[1m[2m    0.47 kB[22m[1m[22m[2m â”‚ gzip:   0.34 kB[22m
[2mdist/[22m[36massets/clojure-CsXgxkZ3.js                   [39m[1m[2m    0.47 kB[22m[1m[22m[2m â”‚ gzip:   0.34 kB[22m
[2mdist/[22m[36massets/cmake-BoGu4a8w.js                     [39m[1m[2m    0.47 kB[22m[1m[22m[2m â”‚ gzip:   0.34 kB[22m
[2mdist/[22m[36massets/cobol-Cqourgdl.js                     [39m[1m[2m    0.47 kB[22m[1m[22m[2m â”‚ gzip:   0.34 kB[22m
[2mdist/[22m[36massets/coffeescript-B_n7esnM.js              [39m[1m[2m    0.47 kB[22m[1m[22m[2m â”‚ gzip:   0.34 kB[22m
[2mdist/[22m[36massets/concurnas-BrNIbEck.js                 [39m[1m[2m    0.47 kB[22m[1m[22m[2m â”‚ gzip:   0.34 kB[22m
[2mdist/[22m[36massets/coq-FGW09L9e.js                       [39m[1m[2m    0.47 kB[22m[1m[22m[2m â”‚ gzip:   0.34 kB[22m
[2mdist/[22m[36massets/cpp-Cg7D7j74.js                       [39m[1m[2m    0.47 kB[22m[1m[22m[2m â”‚ gzip:   0.34 kB[22m
[2mdist/[22m[36massets/crystal-CTxJmAM0.js                   [39m[1m[2m    0.47 kB[22m[1m[22m[2m â”‚ gzip:   0.34 kB[22m
[2mdist/[22m[36massets/csharp-DDRFLDqL.js                    [39m[1m[2m    0.47 kB[22m[1m[22m[2m â”‚ gzip:   0.34 kB[22m
[2mdist/[22m[36massets/cshtml-B87LbLqH.js                    [39m[1m[2m    0.47 kB[22m[1m[22m[2m â”‚ gzip:   0.34 kB[22m
[2mdist/[22m[36massets/csp-EJbObGUC.js                       [39m[1m[2m    0.47 kB[22m[1m[22m[2m â”‚ gzip:   0.34 kB[22m
[2mdist/[22m[36massets/css-extras-CkK9byx5.js                [39m[1m[2m    0.47 kB[22m[1m[22m[2m â”‚ gzip:   0.33 kB[22m
[2mdist/[22m[36massets/css-D1inYZNF.js                       [39m[1m[2m    0.47 kB[22m[1m[22m[2m â”‚ gzip:   0.34 kB[22m
[2mdist/[22m[36massets/csv-CizOm9GV.js                       [39m[1m[2m    0.47 kB[22m[1m[22m[2m â”‚ gzip:   0.33 kB[22m
[2mdist/[22m[36massets/cypher-DlGoU5DX.js                    [39m[1m[2m    0.47 kB[22m[1m[22m[2m â”‚ gzip:   0.34 kB[22m
[2mdist/[22m[36massets/d-PZY40fs4.js                         [39m[1m[2m    0.47 kB[22m[1m[22m[2m â”‚ gzip:   0.34 kB[22m
[2mdist/[22m[36massets/dhall-PKENthgq.js                     [39m[1m[2m    0.47 kB[22m[1m[22m[2m â”‚ gzip:   0.34 kB[22m
[2mdist/[22m[36massets/diff-rFlnDLr_.js                      [39m[1m[2m    0.47 kB[22m[1m[22m[2m â”‚ gzip:   0.34 kB[22m
[2mdist/[22m[36massets/dns-zone-file-B4M1fiX1.js             [39m[1m[2m    0.47 kB[22m[1m[22m[2m â”‚ gzip:   0.34 kB[22m
[2mdist/[22m[36massets/ebnf-D72MFc6Q.js                      [39m[1m[2m    0.47 kB[22m[1m[22m[2m â”‚ gzip:   0.34 kB[22m
[2mdist/[22m[36massets/editorconfig-CteLNV21.js              [39m[1m[2m    0.47 kB[22m[1m[22m[2m â”‚ gzip:   0.34 kB[22m
[2mdist/[22m[36massets/eiffel-C5_MH2Rv.js                    [39m[1m[2m    0.47 kB[22m[1m[22m[2m â”‚ gzip:   0.34 kB[22m
[2mdist/[22m[36massets/ejs-BVWuYuEX.js                       [39m[1m[2m    0.47 kB[22m[1m[22m[2m â”‚ gzip:   0.33 kB[22m
[2mdist/[22m[36massets/elixir-By23F3F4.js                    [39m[1m[2m    0.47 kB[22m[1m[22m[2m â”‚ gzip:   0.34 kB[22m
[2mdist/[22m[36massets/elm-u9Qh8rZY.js                       [39m[1m[2m    0.47 kB[22m[1m[22m[2m â”‚ gzip:   0.34 kB[22m
[2mdist/[22m[36massets/erb-BTTnl6xb.js                       [39m[1m[2m    0.47 kB[22m[1m[22m[2m â”‚ gzip:   0.34 kB[22m
[2mdist/[22m[36massets/etlua-BMrYzoQN.js                     [39m[1m[2m    0.47 kB[22m[1m[22m[2m â”‚ gzip:   0.34 kB[22m
[2mdist/[22m[36massets/excel-formula-6k4-upHD.js             [39m[1m[2m    0.47 kB[22m[1m[22m[2m â”‚ gzip:   0.34 kB[22m
[2mdist/[22m[36massets/factor-CPVd8TuK.js                    [39m[1m[2m    0.47 kB[22m[1m[22m[2m â”‚ gzip:   0.34 kB[22m
[2mdist/[22m[36massets/false-DOhMmtEh.js                     [39m[1m[2m    0.47 kB[22m[1m[22m[2m â”‚ gzip:   0.34 kB[22m
[2mdist/[22m[36massets/firestore-security-rules-DRJSsLaK.js  [39m[1m[2m    0.47 kB[22m[1m[22m[2m â”‚ gzip:   0.33 kB[22m
[2mdist/[22m[36massets/flow-PkSwmAhc.js                      [39m[1m[2m    0.47 kB[22m[1m[22m[2m â”‚ gzip:   0.34 kB[22m
[2mdist/[22m[36massets/fortran-1GhslQkF.js                   [39m[1m[2m    0.47 kB[22m[1m[22m[2m â”‚ gzip:   0.34 kB[22m
[2mdist/[22m[36massets/fsharp-CbBR8Tyc.js                    [39m[1m[2m    0.47 kB[22m[1m[22m[2m â”‚ gzip:   0.34 kB[22m
[2mdist/[22m[36massets/ftl-Cc1fXkmv.js                       [39m[1m[2m    0.47 kB[22m[1m[22m[2m â”‚ gzip:   0.34 kB[22m
[2mdist/[22m[36massets/gap-CK8ZLBSz.js                       [39m[1m[2m    0.47 kB[22m[1m[22m[2m â”‚ gzip:   0.34 kB[22m
[2mdist/[22m[36massets/gcode-DWxwR0bg.js                     [39m[1m[2m    0.47 kB[22m[1m[22m[2m â”‚ gzip:   0.34 kB[22m
[2mdist/[22m[36massets/gdscript-BV6qYh2Z.js                  [39m[1m[2m    0.47 kB[22m[1m[22m[2m â”‚ gzip:   0.34 kB[22m
[2mdist/[22m[36massets/gedcom-DI9Zd6QR.js                    [39m[1m[2m    0.47 kB[22m[1m[22m[2m â”‚ gzip:   0.34 kB[22m
[2mdist/[22m[36massets/gherkin-DWQraIQE.js                   [39m[1m[2m    0.47 kB[22m[1m[22m[2m â”‚ gzip:   0.34 kB[22m
[2mdist/[22m[36massets/git-BXQtxNuF.js                       [39m[1m[2m    0.47 kB[22m[1m[22m[2m â”‚ gzip:   0.33 kB[22m
[2mdist/[22m[36massets/glsl-IZMYmgDv.js                      [39m[1m[2m    0.47 kB[22m[1m[22m[2m â”‚ gzip:   0.34 kB[22m
[2mdist/[22m[36massets/go-module-BPuUM6mE.js                 [39m[1m[2m    0.47 kB[22m[1m[22m[2m â”‚ gzip:   0.34 kB[22m
[2mdist/[22m[36massets/graphql-Cl-XfQxY.js                   [39m[1m[2m    0.47 kB[22m[1m[22m[2m â”‚ gzip:   0.34 kB[22m
[2mdist/[22m[36massets/haml-D-womhv0.js                      [39m[1m[2m    0.47 kB[22m[1m[22m[2m â”‚ gzip:   0.34 kB[22m
[2mdist/[22m[36massets/handlebars-CbLfrVXY.js                [39m[1m[2m    0.47 kB[22m[1m[22m[2m â”‚ gzip:   0.34 kB[22m
[2mdist/[22m[36massets/haskell-DcFg1Uv8.js                   [39m[1m[2m    0.47 kB[22m[1m[22m[2m â”‚ gzip:   0.34 kB[22m
[2mdist/[22m[36massets/haxe-BGkZK98X.js                      [39m[1m[2m    0.47 kB[22m[1m[22m[2m â”‚ gzip:   0.34 kB[22m
[2mdist/[22m[36massets/hcl-DWQWZ67O.js                       [39m[1m[2m    0.47 kB[22m[1m[22m[2m â”‚ gzip:   0.34 kB[22m
[2mdist/[22m[36massets/hlsl-Da6fRPYX.js                      [39m[1m[2m    0.47 kB[22m[1m[22m[2m â”‚ gzip:   0.34 kB[22m
[2mdist/[22m[36massets/hoon-m-T9f0cn.js                      [39m[1m[2m    0.47 kB[22m[1m[22m[2m â”‚ gzip:   0.34 kB[22m
[2mdist/[22m[36massets/hpkp-0xYnhXA-.js                      [39m[1m[2m    0.47 kB[22m[1m[22m[2m â”‚ gzip:   0.34 kB[22m
[2mdist/[22m[36massets/hsts-CQqJIa5y.js                      [39m[1m[2m    0.47 kB[22m[1m[22m[2m â”‚ gzip:   0.33 kB[22m
[2mdist/[22m[36massets/http-DI6AqbOv.js                      [39m[1m[2m    0.47 kB[22m[1m[22m[2m â”‚ gzip:   0.34 kB[22m
[2mdist/[22m[36massets/ichigojam-DByfhVh_.js                 [39m[1m[2m    0.47 kB[22m[1m[22m[2m â”‚ gzip:   0.34 kB[22m
[2mdist/[22m[36massets/icon-BHazPRGo.js                      [39m[1m[2m    0.47 kB[22m[1m[22m[2m â”‚ gzip:   0.34 kB[22m
[2mdist/[22m[36massets/icu-message-format-BF4uVCPL.js        [39m[1m[2m    0.47 kB[22m[1m[22m[2m â”‚ gzip:   0.34 kB[22m
[2mdist/[22m[36massets/idris-VfMgZxKS.js                     [39m[1m[2m    0.47 kB[22m[1m[22m[2m â”‚ gzip:   0.34 kB[22m
[2mdist/[22m[36massets/iecst-71CPQeDQ.js                     [39m[1m[2m    0.47 kB[22m[1m[22m[2m â”‚ gzip:   0.34 kB[22m
[2mdist/[22m[36massets/ignore-CqP2u98R.js                    [39m[1m[2m    0.47 kB[22m[1m[22m[2m â”‚ gzip:   0.34 kB[22m
[2mdist/[22m[36massets/inform7-B9_h4j2w.js                   [39m[1m[2m    0.47 kB[22m[1m[22m[2m â”‚ gzip:   0.34 kB[22m
[2mdist/[22m[36massets/ini-D2v8F1HI.js                       [39m[1m[2m    0.47 kB[22m[1m[22m[2m â”‚ gzip:   0.34 kB[22m
[2mdist/[22m[36massets/io-DQAScM2u.js                        [39m[1m[2m    0.47 kB[22m[1m[22m[2m â”‚ gzip:   0.34 kB[22m
[2mdist/[22m[36massets/j-1YjGzrqk.js                         [39m[1m[2m    0.47 kB[22m[1m[22m[2m â”‚ gzip:   0.34 kB[22m
[2mdist/[22m[36massets/java-BjYNm6af.js                      [39m[1m[2m    0.47 kB[22m[1m[22m[2m â”‚ gzip:   0.34 kB[22m
[2mdist/[22m[36massets/javadoc-BIqpAhUw.js                   [39m[1m[2m    0.47 kB[22m[1m[22m[2m â”‚ gzip:   0.34 kB[22m
[2mdist/[22m[36massets/javadoclike-D9DDbNEi.js               [39m[1m[2m    0.47 kB[22m[1m[22m[2m â”‚ gzip:   0.34 kB[22m
[2mdist/[22m[36massets/javascript-ZeptYH10.js                [39m[1m[2m    0.47 kB[22m[1m[22m[2m â”‚ gzip:   0.34 kB[22m
[2mdist/[22m[36massets/javastacktrace-CN9BuaYo.js            [39m[1m[2m    0.47 kB[22m[1m[22m[2m â”‚ gzip:   0.34 kB[22m
[2mdist/[22m[36massets/jexl-COoW9x74.js                      [39m[1m[2m    0.47 kB[22m[1m[22m[2m â”‚ gzip:   0.34 kB[22m
[2mdist/[22m[36massets/jolie-DdN_9bG_.js                     [39m[1m[2m    0.47 kB[22m[1m[22m[2m â”‚ gzip:   0.34 kB[22m
[2mdist/[22m[36massets/jq-04tUtjXx.js                        [39m[1m[2m    0.47 kB[22m[1m[22m[2m â”‚ gzip:   0.34 kB[22m
[2mdist/[22m[36massets/js-extras-DtsSKv4E.js                 [39m[1m[2m    0.47 kB[22m[1m[22m[2m â”‚ gzip:   0.34 kB[22m
[2mdist/[22m[36massets/js-templates-DaQcJE-o.js              [39m[1m[2m    0.47 kB[22m[1m[22m[2m â”‚ gzip:   0.34 kB[22m
[2mdist/[22m[36massets/jsdoc-6ALLOHil.js                     [39m[1m[2m    0.47 kB[22m[1m[22m[2m â”‚ gzip:   0.34 kB[22m
[2mdist/[22m[36massets/json-CUtnpeU4.js                      [39m[1m[2m    0.47 kB[22m[1m[22m[2m â”‚ gzip:   0.34 kB[22m
[2mdist/[22m[36massets/json5-CixahVdB.js                     [39m[1m[2m    0.47 kB[22m[1m[22m[2m â”‚ gzip:   0.34 kB[22m
[2mdist/[22m[36massets/jsonp-Bq4AOrv6.js                     [39m[1m[2m    0.47 kB[22m[1m[22m[2m â”‚ gzip:   0.34 kB[22m
[2mdist/[22m[36massets/jsstacktrace-DM1lkiUH.js              [39m[1m[2m    0.47 kB[22m[1m[22m[2m â”‚ gzip:   0.33 kB[22m
[2mdist/[22m[36massets/jsx-CnUpg24C.js                       [39m[1m[2m    0.47 kB[22m[1m[22m[2m â”‚ gzip:   0.34 kB[22m
[2mdist/[22m[36massets/julia-4m2bkbkq.js                     [39m[1m[2m    0.47 kB[22m[1m[22m[2m â”‚ gzip:   0.34 kB[22m
[2mdist/[22m[36massets/keepalived-DIYDv0VA.js                [39m[1m[2m    0.47 kB[22m[1m[22m[2m â”‚ gzip:   0.33 kB[22m
[2mdist/[22m[36massets/keyman-CQh0x2HD.js                    [39m[1m[2m    0.47 kB[22m[1m[22m[2m â”‚ gzip:   0.34 kB[22m
[2mdist/[22m[36massets/kotlin-Dqtf8I_S.js                    [39m[1m[2m    0.47 kB[22m[1m[22m[2m â”‚ gzip:   0.33 kB[22m
[2mdist/[22m[36massets/kumir-Cppodrnj.js                     [39m[1m[2m    0.47 kB[22m[1m[22m[2m â”‚ gzip:   0.34 kB[22m
[2mdist/[22m[36massets/kusto-KOIqkK2T.js                     [39m[1m[2m    0.47 kB[22m[1m[22m[2m â”‚ gzip:   0.34 kB[22m
[2mdist/[22m[36massets/latex-CYDKTo0n.js                     [39m[1m[2m    0.47 kB[22m[1m[22m[2m â”‚ gzip:   0.33 kB[22m
[2mdist/[22m[36massets/latte-BsLL6pLa.js                     [39m[1m[2m    0.47 kB[22m[1m[22m[2m â”‚ gzip:   0.33 kB[22m
[2mdist/[22m[36massets/less-CfYnjjMU.js                      [39m[1m[2m    0.47 kB[22m[1m[22m[2m â”‚ gzip:   0.33 kB[22m
[2mdist/[22m[36massets/lilypond-CgDhEIKi.js                  [39m[1m[2m    0.47 kB[22m[1m[22m[2m â”‚ gzip:   0.34 kB[22m
[2mdist/[22m[36massets/liquid-B4GJ-x4j.js                    [39m[1m[2m    0.47 kB[22m[1m[22m[2m â”‚ gzip:   0.34 kB[22m
[2mdist/[22m[36massets/lisp-Do2u1sn3.js                      [39m[1m[2m    0.47 kB[22m[1m[22m[2m â”‚ gzip:   0.34 kB[22m
[2mdist/[22m[36massets/livescript-DkICGd_w.js                [39m[1m[2m    0.47 kB[22m[1m[22m[2m â”‚ gzip:   0.34 kB[22m
[2mdist/[22m[36massets/llvm-40Y_TzyL.js                      [39m[1m[2m    0.47 kB[22m[1m[22m[2m â”‚ gzip:   0.34 kB[22m
[2mdist/[22m[36massets/lolcode-CO8EaRRO.js                   [39m[1m[2m    0.47 kB[22m[1m[22m[2m â”‚ gzip:   0.34 kB[22m
[2mdist/[22m[36massets/lua-DorQIXuL.js                       [39m[1m[2m    0.47 kB[22m[1m[22m[2m â”‚ gzip:   0.34 kB[22m
[2mdist/[22m[36massets/makefile-DpAzVFOc.js                  [39m[1m[2m    0.47 kB[22m[1m[22m[2m â”‚ gzip:   0.34 kB[22m
[2mdist/[22m[36massets/markdown-BIh9ZMEH.js                  [39m[1m[2m    0.47 kB[22m[1m[22m[2m â”‚ gzip:   0.34 kB[22m
[2mdist/[22m[36massets/markup-templating-Da61DTsB.js         [39m[1m[2m    0.47 kB[22m[1m[22m[2m â”‚ gzip:   0.34 kB[22m
[2mdist/[22m[36massets/markup-DMdrdOVT.js                    [39m[1m[2m    0.47 kB[22m[1m[22m[2m â”‚ gzip:   0.34 kB[22m
[2mdist/[22m[36massets/matlab-B7cqpKDs.js                    [39m[1m[2m    0.47 kB[22m[1m[22m[2m â”‚ gzip:   0.34 kB[22m
[2mdist/[22m[36massets/maxscript-DeW-3sJC.js                 [39m[1m[2m    0.47 kB[22m[1m[22m[2m â”‚ gzip:   0.34 kB[22m
[2mdist/[22m[36massets/mel-BbBNJH3-.js                       [39m[1m[2m    0.47 kB[22m[1m[22m[2m â”‚ gzip:   0.34 kB[22m
[2mdist/[22m[36massets/mermaid-DtQE36KC.js                   [39m[1m[2m    0.47 kB[22m[1m[22m[2m â”‚ gzip:   0.34 kB[22m
[2mdist/[22m[36massets/mizar-bzgDYRLB.js                     [39m[1m[2m    0.47 kB[22m[1m[22m[2m â”‚ gzip:   0.34 kB[22m
[2mdist/[22m[36massets/monkey-BIhGvIXb.js                    [39m[1m[2m    0.47 kB[22m[1m[22m[2m â”‚ gzip:   0.34 kB[22m
[2mdist/[22m[36massets/moonscript-Bwwaz_qa.js                [39m[1m[2m    0.47 kB[22m[1m[22m[2m â”‚ gzip:   0.34 kB[22m
[2mdist/[22m[36massets/n1ql-DoujmZcT.js                      [39m[1m[2m    0.47 kB[22m[1m[22m[2m â”‚ gzip:   0.34 kB[22m
[2mdist/[22m[36massets/n4js-B5uLBfwv.js                      [39m[1m[2m    0.47 kB[22m[1m[22m[2m â”‚ gzip:   0.34 kB[22m
[2mdist/[22m[36massets/nand2tetris-hdl-Co4F2aPw.js           [39m[1m[2m    0.47 kB[22m[1m[22m[2m â”‚ gzip:   0.34 kB[22m
[2mdist/[22m[36massets/naniscript-CfQ4Gx30.js                [39m[1m[2m    0.47 kB[22m[1m[22m[2m â”‚ gzip:   0.34 kB[22m
[2mdist/[22m[36massets/nasm-BhjWteLy.js                      [39m[1m[2m    0.47 kB[22m[1m[22m[2m â”‚ gzip:   0.34 kB[22m
[2mdist/[22m[36massets/neon-CnzOhFdK.js                      [39m[1m[2m    0.47 kB[22m[1m[22m[2m â”‚ gzip:   0.34 kB[22m
[2mdist/[22m[36massets/nevod-CFUgS2Sr.js                     [39m[1m[2m    0.47 kB[22m[1m[22m[2m â”‚ gzip:   0.34 kB[22m
[2mdist/[22m[36massets/nginx-DZpHJPS9.js                     [39m[1m[2m    0.47 kB[22m[1m[22m[2m â”‚ gzip:   0.34 kB[22m
[2mdist/[22m[36massets/nim-CnVKMVfK.js                       [39m[1m[2m    0.47 kB[22m[1m[22m[2m â”‚ gzip:   0.34 kB[22m
[2mdist/[22m[36massets/nix-DjIg_C4H.js                       [39m[1m[2m    0.47 kB[22m[1m[22m[2m â”‚ gzip:   0.34 kB[22m
[2mdist/[22m[36massets/nsis-D9YgNRq5.js                      [39m[1m[2m    0.47 kB[22m[1m[22m[2m â”‚ gzip:   0.34 kB[22m
[2mdist/[22m[36massets/objectivec-CsFxR7QQ.js                [39m[1m[2m    0.47 kB[22m[1m[22m[2m â”‚ gzip:   0.34 kB[22m
[2mdist/[22m[36massets/ocaml-B0LYWEQK.js                     [39m[1m[2m    0.47 kB[22m[1m[22m[2m â”‚ gzip:   0.34 kB[22m
[2mdist/[22m[36massets/opencl-CJfQMYqH.js                    [39m[1m[2m    0.47 kB[22m[1m[22m[2m â”‚ gzip:   0.34 kB[22m
[2mdist/[22m[36massets/openqasm-DB-UQtwK.js                  [39m[1m[2m    0.47 kB[22m[1m[22m[2m â”‚ gzip:   0.34 kB[22m
[2mdist/[22m[36massets/oz-rVf4P7CX.js                        [39m[1m[2m    0.47 kB[22m[1m[22m[2m â”‚ gzip:   0.34 kB[22m
[2mdist/[22m[36massets/parigp-5KwboE3K.js                    [39m[1m[2m    0.47 kB[22m[1m[22m[2m â”‚ gzip:   0.34 kB[22m
[2mdist/[22m[36massets/parser-BMz0NgQA.js                    [39m[1m[2m    0.47 kB[22m[1m[22m[2m â”‚ gzip:   0.34 kB[22m
[2mdist/[22m[36massets/pascal-ZDdLnDH2.js                    [39m[1m[2m    0.47 kB[22m[1m[22m[2m â”‚ gzip:   0.34 kB[22m
[2mdist/[22m[36massets/pascaligo-DvT-b3sA.js                 [39m[1m[2m    0.47 kB[22m[1m[22m[2m â”‚ gzip:   0.34 kB[22m
[2mdist/[22m[36massets/pcaxis-bg-_x5kx.js                    [39m[1m[2m    0.47 kB[22m[1m[22m[2m â”‚ gzip:   0.34 kB[22m
[2mdist/[22m[36massets/peoplecode-CT-4t_Me.js                [39m[1m[2m    0.47 kB[22m[1m[22m[2m â”‚ gzip:   0.34 kB[22m
[2mdist/[22m[36massets/perl-tZLChyJk.js                      [39m[1m[2m    0.47 kB[22m[1m[22m[2m â”‚ gzip:   0.33 kB[22m
[2mdist/[22m[36massets/php-extras-CPaegt3r.js                [39m[1m[2m    0.47 kB[22m[1m[22m[2m â”‚ gzip:   0.34 kB[22m
[2mdist/[22m[36massets/php-DXeFdj_2.js                       [39m[1m[2m    0.47 kB[22m[1m[22m[2m â”‚ gzip:   0.34 kB[22m
[2mdist/[22m[36massets/phpdoc-DOn5CQ9A.js                    [39m[1m[2m    0.47 kB[22m[1m[22m[2m â”‚ gzip:   0.34 kB[22m
[2mdist/[22m[36massets/plsql-BeSoLuNJ.js                     [39m[1m[2m    0.47 kB[22m[1m[22m[2m â”‚ gzip:   0.33 kB[22m
[2mdist/[22m[36massets/powerquery-DQktJbU5.js                [39m[1m[2m    0.47 kB[22m[1m[22m[2m â”‚ gzip:   0.34 kB[22m
[2mdist/[22m[36massets/powershell-D3PVAiIF.js                [39m[1m[2m    0.47 kB[22m[1m[22m[2m â”‚ gzip:   0.33 kB[22m
[2mdist/[22m[36massets/processing-CSgQSPR6.js                [39m[1m[2m    0.47 kB[22m[1m[22m[2m â”‚ gzip:   0.34 kB[22m
[2mdist/[22m[36massets/prolog-CoDx1y8Z.js                    [39m[1m[2m    0.47 kB[22m[1m[22m[2m â”‚ gzip:   0.34 kB[22m
[2mdist/[22m[36massets/promql-LWblnS-2.js                    [39m[1m[2m    0.47 kB[22m[1m[22m[2m â”‚ gzip:   0.34 kB[22m
[2mdist/[22m[36massets/properties--nMn-x7D.js                [39m[1m[2m    0.47 kB[22m[1m[22m[2m â”‚ gzip:   0.34 kB[22m
[2mdist/[22m[36massets/protobuf-BEj0dmgk.js                  [39m[1m[2m    0.47 kB[22m[1m[22m[2m â”‚ gzip:   0.34 kB[22m
[2mdist/[22m[36massets/psl-KhjtAeSq.js                       [39m[1m[2m    0.47 kB[22m[1m[22m[2m â”‚ gzip:   0.34 kB[22m
[2mdist/[22m[36massets/pug-CaBB_ctQ.js                       [39m[1m[2m    0.47 kB[22m[1m[22m[2m â”‚ gzip:   0.33 kB[22m
[2mdist/[22m[36massets/puppet-DXclxEg6.js                    [39m[1m[2m    0.47 kB[22m[1m[22m[2m â”‚ gzip:   0.34 kB[22m
[2mdist/[22m[36massets/pure-De7woDed.js                      [39m[1m[2m    0.47 kB[22m[1m[22m[2m â”‚ gzip:   0.34 kB[22m
[2mdist/[22m[36massets/purebasic-pehAcP9g.js                 [39m[1m[2m    0.47 kB[22m[1m[22m[2m â”‚ gzip:   0.34 kB[22m
[2mdist/[22m[36massets/purescript-DAXAGCwa.js                [39m[1m[2m    0.47 kB[22m[1m[22m[2m â”‚ gzip:   0.34 kB[22m
[2mdist/[22m[36massets/python-CYbVzhG7.js                    [39m[1m[2m    0.47 kB[22m[1m[22m[2m â”‚ gzip:   0.33 kB[22m
[2mdist/[22m[36massets/q-xpKXzntJ.js                         [39m[1m[2m    0.47 kB[22m[1m[22m[2m â”‚ gzip:   0.34 kB[22m
[2mdist/[22m[36massets/qml-DU70OJKd.js                       [39m[1m[2m    0.47 kB[22m[1m[22m[2m â”‚ gzip:   0.34 kB[22m
[2mdist/[22m[36massets/qore-DgaM7e_M.js                      [39m[1m[2m    0.47 kB[22m[1m[22m[2m â”‚ gzip:   0.34 kB[22m
[2mdist/[22m[36massets/qsharp-cD7f4xs9.js                    [39m[1m[2m    0.47 kB[22m[1m[22m[2m â”‚ gzip:   0.34 kB[22m
[2mdist/[22m[36massets/r-CwDEOh-j.js                         [39m[1m[2m    0.47 kB[22m[1m[22m[2m â”‚ gzip:   0.34 kB[22m
[2mdist/[22m[36massets/racket-CRvme_yh.js                    [39m[1m[2m    0.47 kB[22m[1m[22m[2m â”‚ gzip:   0.34 kB[22m
[2mdist/[22m[36massets/reason-WsQYC5pu.js                    [39m[1m[2m    0.47 kB[22m[1m[22m[2m â”‚ gzip:   0.34 kB[22m
[2mdist/[22m[36massets/renpy--K-QqEYc.js                     [39m[1m[2m    0.47 kB[22m[1m[22m[2m â”‚ gzip:   0.34 kB[22m
[2mdist/[22m[36massets/rest-Bg3nifts.js                      [39m[1m[2m    0.47 kB[22m[1m[22m[2m â”‚ gzip:   0.34 kB[22m
[2mdist/[22m[36massets/rip-Bkz4-4-X.js                       [39m[1m[2m    0.47 kB[22m[1m[22m[2m â”‚ gzip:   0.34 kB[22m
[2mdist/[22m[36massets/roboconf-DD4NTx6n.js                  [39m[1m[2m    0.47 kB[22m[1m[22m[2m â”‚ gzip:   0.34 kB[22m
[2mdist/[22m[36massets/robotframework-DyXIxV8K.js            [39m[1m[2m    0.47 kB[22m[1m[22m[2m â”‚ gzip:   0.34 kB[22m
[2mdist/[22m[36massets/ruby-B8ao7OnE.js                      [39m[1m[2m    0.47 kB[22m[1m[22m[2m â”‚ gzip:   0.34 kB[22m
[2mdist/[22m[36massets/rust-22DI7t4u.js                      [39m[1m[2m    0.47 kB[22m[1m[22m[2m â”‚ gzip:   0.33 kB[22m
[2mdist/[22m[36massets/sas-BOdRQgz1.js                       [39m[1m[2m    0.47 kB[22m[1m[22m[2m â”‚ gzip:   0.34 kB[22m
[2mdist/[22m[36massets/sass-0K1ajRC5.js                      [39m[1m[2m    0.47 kB[22m[1m[22m[2m â”‚ gzip:   0.34 kB[22m
[2mdist/[22m[36massets/scala-CMWNjwoj.js                     [39m[1m[2m    0.47 kB[22m[1m[22m[2m â”‚ gzip:   0.34 kB[22m
[2mdist/[22m[36massets/scheme-CJ3GASww.js                    [39m[1m[2m    0.47 kB[22m[1m[22m[2m â”‚ gzip:   0.34 kB[22m
[2mdist/[22m[36massets/scss-DUdBicWy.js                      [39m[1m[2m    0.47 kB[22m[1m[22m[2m â”‚ gzip:   0.34 kB[22m
[2mdist/[22m[36massets/shell-session-CZJ3giSJ.js             [39m[1m[2m    0.47 kB[22m[1m[22m[2m â”‚ gzip:   0.34 kB[22m
[2mdist/[22m[36massets/smali-BmtOVsS2.js                     [39m[1m[2m    0.47 kB[22m[1m[22m[2m â”‚ gzip:   0.34 kB[22m
[2mdist/[22m[36massets/smalltalk-C7_mOtDH.js                 [39m[1m[2m    0.47 kB[22m[1m[22m[2m â”‚ gzip:   0.34 kB[22m
[2mdist/[22m[36massets/smarty-BG5Isul4.js                    [39m[1m[2m    0.47 kB[22m[1m[22m[2m â”‚ gzip:   0.34 kB[22m
[2mdist/[22m[36massets/sml-Dl_G4FsQ.js                       [39m[1m[2m    0.47 kB[22m[1m[22m[2m â”‚ gzip:   0.34 kB[22m
[2mdist/[22m[36massets/solidity-BKJS1zpz.js                  [39m[1m[2m    0.47 kB[22m[1m[22m[2m â”‚ gzip:   0.34 kB[22m
[2mdist/[22m[36massets/solution-file-DL1DP_x4.js             [39m[1m[2m    0.47 kB[22m[1m[22m[2m â”‚ gzip:   0.34 kB[22m
[2mdist/[22m[36massets/soy-Ir3e5iqo.js                       [39m[1m[2m    0.47 kB[22m[1m[22m[2m â”‚ gzip:   0.34 kB[22m
[2mdist/[22m[36massets/sparql-DMIt4dKE.js                    [39m[1m[2m    0.47 kB[22m[1m[22m[2m â”‚ gzip:   0.34 kB[22m
[2mdist/[22m[36massets/splunk-spl-DwWdoUzg.js                [39m[1m[2m    0.47 kB[22m[1m[22m[2m â”‚ gzip:   0.34 kB[22m
[2mdist/[22m[36massets/sqf-DDbOhUcg.js                       [39m[1m[2m    0.47 kB[22m[1m[22m[2m â”‚ gzip:   0.34 kB[22m
[2mdist/[22m[36massets/sql-V5Q2Pfvg.js                       [39m[1m[2m    0.47 kB[22m[1m[22m[2m â”‚ gzip:   0.34 kB[22m
[2mdist/[22m[36massets/squirrel-CkcoCbrA.js                  [39m[1m[2m    0.47 kB[22m[1m[22m[2m â”‚ gzip:   0.34 kB[22m
[2mdist/[22m[36massets/stan-CMawK9z7.js                      [39m[1m[2m    0.47 kB[22m[1m[22m[2m â”‚ gzip:   0.34 kB[22m
[2mdist/[22m[36massets/stylus-B5fD9PsJ.js                    [39m[1m[2m    0.47 kB[22m[1m[22m[2m â”‚ gzip:   0.34 kB[22m
[2mdist/[22m[36massets/swift-D22ZOb3u.js                     [39m[1m[2m    0.47 kB[22m[1m[22m[2m â”‚ gzip:   0.34 kB[22m
[2mdist/[22m[36massets/systemd-CSMVPrZZ.js                   [39m[1m[2m    0.47 kB[22m[1m[22m[2m â”‚ gzip:   0.34 kB[22m
[2mdist/[22m[36massets/t4-cs-CMpnWQnD.js                     [39m[1m[2m    0.47 kB[22m[1m[22m[2m â”‚ gzip:   0.33 kB[22m
[2mdist/[22m[36massets/t4-templating-INe4ttY8.js             [39m[1m[2m    0.47 kB[22m[1m[22m[2m â”‚ gzip:   0.33 kB[22m
[2mdist/[22m[36massets/t4-vb-BWtmxFCN.js                     [39m[1m[2m    0.47 kB[22m[1m[22m[2m â”‚ gzip:   0.34 kB[22m
[2mdist/[22m[36massets/tap-DxuokRKj.js                       [39m[1m[2m    0.47 kB[22m[1m[22m[2m â”‚ gzip:   0.33 kB[22m
[2mdist/[22m[36massets/tcl-DESQQgiO.js                       [39m[1m[2m    0.47 kB[22m[1m[22m[2m â”‚ gzip:   0.34 kB[22m
[2mdist/[22m[36massets/textile-D-JcGIoz.js                   [39m[1m[2m    0.47 kB[22m[1m[22m[2m â”‚ gzip:   0.34 kB[22m
[2mdist/[22m[36massets/toml-PCsKT2vq.js                      [39m[1m[2m    0.47 kB[22m[1m[22m[2m â”‚ gzip:   0.34 kB[22m
[2mdist/[22m[36massets/tremor-ClFbhK_E.js                    [39m[1m[2m    0.47 kB[22m[1m[22m[2m â”‚ gzip:   0.34 kB[22m
[2mdist/[22m[36massets/tsx-DGU9QIeg.js                       [39m[1m[2m    0.47 kB[22m[1m[22m[2m â”‚ gzip:   0.33 kB[22m
[2mdist/[22m[36massets/tt2-BtouLFEJ.js                       [39m[1m[2m    0.47 kB[22m[1m[22m[2m â”‚ gzip:   0.33 kB[22m
[2mdist/[22m[36massets/turtle-Z9RMsaCc.js                    [39m[1m[2m    0.47 kB[22m[1m[22m[2m â”‚ gzip:   0.34 kB[22m
[2mdist/[22m[36massets/twig-sD-_qfDe.js                      [39m[1m[2m    0.47 kB[22m[1m[22m[2m â”‚ gzip:   0.33 kB[22m
[2mdist/[22m[36massets/typescript-CEtf4puA.js                [39m[1m[2m    0.47 kB[22m[1m[22m[2m â”‚ gzip:   0.34 kB[22m
[2mdist/[22m[36massets/typoscript-D18CZz62.js                [39m[1m[2m    0.47 kB[22m[1m[22m[2m â”‚ gzip:   0.34 kB[22m
[2mdist/[22m[36massets/unrealscript-Bg23TLe-.js              [39m[1m[2m    0.47 kB[22m[1m[22m[2m â”‚ gzip:   0.34 kB[22m
[2mdist/[22m[36massets/uorazor-CEq7aSNL.js                   [39m[1m[2m    0.47 kB[22m[1m[22m[2m â”‚ gzip:   0.34 kB[22m
[2mdist/[22m[36massets/uri-CcIoowYL.js                       [39m[1m[2m    0.47 kB[22m[1m[22m[2m â”‚ gzip:   0.33 kB[22m
[2mdist/[22m[36massets/v-DFELMB5l.js                         [39m[1m[2m    0.47 kB[22m[1m[22m[2m â”‚ gzip:   0.33 kB[22m
[2mdist/[22m[36massets/vala-8cNXJQh8.js                      [39m[1m[2m    0.47 kB[22m[1m[22m[2m â”‚ gzip:   0.34 kB[22m
[2mdist/[22m[36massets/vbnet-C3NUo7RS.js                     [39m[1m[2m    0.47 kB[22m[1m[22m[2m â”‚ gzip:   0.33 kB[22m
[2mdist/[22m[36massets/velocity-bVhos-7k.js                  [39m[1m[2m    0.47 kB[22m[1m[22m[2m â”‚ gzip:   0.34 kB[22m
[2mdist/[22m[36massets/verilog-CNdOFX3E.js                   [39m[1m[2m    0.47 kB[22m[1m[22m[2m â”‚ gzip:   0.34 kB[22m
[2mdist/[22m[36massets/vhdl-CHs6bsz1.js                      [39m[1m[2m    0.47 kB[22m[1m[22m[2m â”‚ gzip:   0.34 kB[22m
[2mdist/[22m[36massets/vim-COhRkTtP.js                       [39m[1m[2m    0.47 kB[22m[1m[22m[2m â”‚ gzip:   0.34 kB[22m
[2mdist/[22m[36massets/visual-basic-ChKhKepA.js              [39m[1m[2m    0.47 kB[22m[1m[22m[2m â”‚ gzip:   0.34 kB[22m
[2mdist/[22m[36massets/warpscript-CTIc1eAC.js                [39m[1m[2m    0.47 kB[22m[1m[22m[2m â”‚ gzip:   0.34 kB[22m
[2mdist/[22m[36massets/wasm-BzErtNgH.js                      [39m[1m[2m    0.47 kB[22m[1m[22m[2m â”‚ gzip:   0.34 kB[22m
[2mdist/[22m[36massets/web-idl-DY5ppi0e.js                   [39m[1m[2m    0.47 kB[22m[1m[22m[2m â”‚ gzip:   0.34 kB[22m
[2mdist/[22m[36massets/wiki-gnJ-kVEj.js                      [39m[1m[2m    0.47 kB[22m[1m[22m[2m â”‚ gzip:   0.34 kB[22m
[2mdist/[22m[36massets/wolfram-DXhvVt8K.js                   [39m[1m[2m    0.47 kB[22m[1m[22m[2m â”‚ gzip:   0.34 kB[22m
[2mdist/[22m[36massets/wren-CIepiRVu.js                      [39m[1m[2m    0.47 kB[22m[1m[22m[2m â”‚ gzip:   0.34 kB[22m
[2mdist/[22m[36massets/xeora-MgM0tHFj.js                     [39m[1m[2m    0.47 kB[22m[1m[22m[2m â”‚ gzip:   0.34 kB[22m
[2mdist/[22m[36massets/xml-doc-BMcydYHn.js                   [39m[1m[2m    0.47 kB[22m[1m[22m[2m â”‚ gzip:   0.34 kB[22m
[2mdist/[22m[36massets/xojo-dT75k9JK.js                      [39m[1m[2m    0.47 kB[22m[1m[22m[2m â”‚ gzip:   0.34 kB[22m
[2mdist/[22m[36massets/xquery-ci_pUSZF.js                    [39m[1m[2m    0.47 kB[22m[1m[22m[2m â”‚ gzip:   0.34 kB[22m
[2mdist/[22m[36massets/yaml-DeROaw7U.js                      [39m[1m[2m    0.47 kB[22m[1m[22m[2m â”‚ gzip:   0.34 kB[22m
[2mdist/[22m[36massets/zig-BpRx5I-K.js                       [39m[1m[2m    0.47 kB[22m[1m[22m[2m â”‚ gzip:   0.34 kB[22m
[2mdist/[22m[36massets/delphi-CCrVn_t_.js                    [39m[1m[2m    0.49 kB[22m[1m[22m[2m â”‚ gzip:   0.35 kB[22m
[2mdist/[22m[36massets/django-DGrqZ0ie.js                    [39m[1m[2m    0.49 kB[22m[1m[22m[2m â”‚ gzip:   0.35 kB[22m
[2mdist/[22m[36massets/dockerfile-B0WTFK4o.js                [39m[1m[2m    0.49 kB[22m[1m[22m[2m â”‚ gzip:   0.35 kB[22m
[2mdist/[22m[36massets/dsconfig-Cb0y9FOb.js                  [39m[1m[2m    0.49 kB[22m[1m[22m[2m â”‚ gzip:   0.35 kB[22m
[2mdist/[22m[36massets/gradle-CwoiGuaz.js                    [39m[1m[2m    0.49 kB[22m[1m[22m[2m â”‚ gzip:   0.35 kB[22m
[2mdist/[22m[36massets/1c-CwJnqCMP.js                        [39m[1m[2m    0.50 kB[22m[1m[22m[2m â”‚ gzip:   0.35 kB[22m
[2mdist/[22m[36massets/abnf-2fKBvdlh.js                      [39m[1m[2m    0.50 kB[22m[1m[22m[2m â”‚ gzip:   0.35 kB[22m
[2mdist/[22m[36massets/accesslog-BG8xZ8Wt.js                 [39m[1m[2m    0.50 kB[22m[1m[22m[2m â”‚ gzip:   0.35 kB[22m
[2mdist/[22m[36massets/actionscript-wKvaYFGm.js              [39m[1m[2m    0.50 kB[22m[1m[22m[2m â”‚ gzip:   0.35 kB[22m
[2mdist/[22m[36massets/ada-BrBggWHH.js                       [39m[1m[2m    0.50 kB[22m[1m[22m[2m â”‚ gzip:   0.35 kB[22m
[2mdist/[22m[36massets/angelscript-DUjj-0M4.js               [39m[1m[2m    0.50 kB[22m[1m[22m[2m â”‚ gzip:   0.35 kB[22m
[2mdist/[22m[36massets/apache-oULdzVka.js                    [39m[1m[2m    0.50 kB[22m[1m[22m[2m â”‚ gzip:   0.35 kB[22m
[2mdist/[22m[36massets/applescript-Dhdv0hc9.js               [39m[1m[2m    0.50 kB[22m[1m[22m[2m â”‚ gzip:   0.35 kB[22m
[2mdist/[22m[36massets/arcade-DHLTtKQ1.js                    [39m[1m[2m    0.50 kB[22m[1m[22m[2m â”‚ gzip:   0.35 kB[22m
[2mdist/[22m[36massets/arduino-Dqjh7Qqq.js                   [39m[1m[2m    0.50 kB[22m[1m[22m[2m â”‚ gzip:   0.35 kB[22m
[2mdist/[22m[36massets/armasm-yEgdpG5V.js                    [39m[1m[2m    0.50 kB[22m[1m[22m[2m â”‚ gzip:   0.35 kB[22m
[2mdist/[22m[36massets/asciidoc-CKRTBfWt.js                  [39m[1m[2m    0.50 kB[22m[1m[22m[2m â”‚ gzip:   0.35 kB[22m
[2mdist/[22m[36massets/aspectj-DMdgHalq.js                   [39m[1m[2m    0.50 kB[22m[1m[22m[2m â”‚ gzip:   0.35 kB[22m
[2mdist/[22m[36massets/autohotkey-DvgiICGX.js                [39m[1m[2m    0.50 kB[22m[1m[22m[2m â”‚ gzip:   0.35 kB[22m
[2mdist/[22m[36massets/autoit-hIpdIIsl.js                    [39m[1m[2m    0.50 kB[22m[1m[22m[2m â”‚ gzip:   0.35 kB[22m
[2mdist/[22m[36massets/avrasm-DN1QBUOB.js                    [39m[1m[2m    0.50 kB[22m[1m[22m[2m â”‚ gzip:   0.35 kB[22m
[2mdist/[22m[36massets/awk-WkSfiDAq.js                       [39m[1m[2m    0.50 kB[22m[1m[22m[2m â”‚ gzip:   0.35 kB[22m
[2mdist/[22m[36massets/axapta-DdEoW2bK.js                    [39m[1m[2m    0.50 kB[22m[1m[22m[2m â”‚ gzip:   0.35 kB[22m
[2mdist/[22m[36massets/bash-DtUYakyJ.js                      [39m[1m[2m    0.50 kB[22m[1m[22m[2m â”‚ gzip:   0.35 kB[22m
[2mdist/[22m[36massets/basic-DIFHc6Rg.js                     [39m[1m[2m    0.50 kB[22m[1m[22m[2m â”‚ gzip:   0.35 kB[22m
[2mdist/[22m[36massets/bnf-BKkhVyBY.js                       [39m[1m[2m    0.50 kB[22m[1m[22m[2m â”‚ gzip:   0.35 kB[22m
[2mdist/[22m[36massets/brainfuck-BT3P1aqz.js                 [39m[1m[2m    0.50 kB[22m[1m[22m[2m â”‚ gzip:   0.35 kB[22m
[2mdist/[22m[36massets/c-like-BSlmFMth.js                    [39m[1m[2m    0.50 kB[22m[1m[22m[2m â”‚ gzip:   0.35 kB[22m
[2mdist/[22m[36massets/c-DnPpPooE.js                         [39m[1m[2m    0.50 kB[22m[1m[22m[2m â”‚ gzip:   0.35 kB[22m
[2mdist/[22m[36massets/cal-CiFyjUz8.js                       [39m[1m[2m    0.50 kB[22m[1m[22m[2m â”‚ gzip:   0.35 kB[22m
[2mdist/[22m[36massets/capnproto-Cym6Yu7Z.js                 [39m[1m[2m    0.50 kB[22m[1m[22m[2m â”‚ gzip:   0.35 kB[22m
[2mdist/[22m[36massets/ceylon-DI7WKGd5.js                    [39m[1m[2m    0.50 kB[22m[1m[22m[2m â”‚ gzip:   0.35 kB[22m
[2mdist/[22m[36massets/clean-CpqVegj4.js                     [39m[1m[2m    0.50 kB[22m[1m[22m[2m â”‚ gzip:   0.35 kB[22m
[2mdist/[22m[36massets/clojure-repl-D7FLbiXJ.js              [39m[1m[2m    0.50 kB[22m[1m[22m[2m â”‚ gzip:   0.35 kB[22m
[2mdist/[22m[36massets/clojure-nYn8CNG0.js                   [39m[1m[2m    0.50 kB[22m[1m[22m[2m â”‚ gzip:   0.35 kB[22m
[2mdist/[22m[36massets/cmake-DuMuY1p0.js                     [39m[1m[2m    0.50 kB[22m[1m[22m[2m â”‚ gzip:   0.35 kB[22m
[2mdist/[22m[36massets/coffeescript-DSqAhJi0.js              [39m[1m[2m    0.50 kB[22m[1m[22m[2m â”‚ gzip:   0.35 kB[22m
[2mdist/[22m[36massets/coq-CMc61PLu.js                       [39m[1m[2m    0.50 kB[22m[1m[22m[2m â”‚ gzip:   0.35 kB[22m
[2mdist/[22m[36massets/cos-DdcEwPR9.js                       [39m[1m[2m    0.50 kB[22m[1m[22m[2m â”‚ gzip:   0.35 kB[22m
[2mdist/[22m[36massets/cpp-Dpl7zBEI.js                       [39m[1m[2m    0.50 kB[22m[1m[22m[2m â”‚ gzip:   0.35 kB[22m
[2mdist/[22m[36massets/crmsh-yClrLHCz.js                     [39m[1m[2m    0.50 kB[22m[1m[22m[2m â”‚ gzip:   0.35 kB[22m
[2mdist/[22m[36massets/crystal-CHksa-Dx.js                   [39m[1m[2m    0.50 kB[22m[1m[22m[2m â”‚ gzip:   0.36 kB[22m
[2mdist/[22m[36massets/csharp-DgNhzeEr.js                    [39m[1m[2m    0.50 kB[22m[1m[22m[2m â”‚ gzip:   0.36 kB[22m
[2mdist/[22m[36massets/csp-C7o4cghy.js                       [39m[1m[2m    0.50 kB[22m[1m[22m[2m â”‚ gzip:   0.35 kB[22m
[2mdist/[22m[36massets/css-B8SZ9NAI.js                       [39m[1m[2m    0.50 kB[22m[1m[22m[2m â”‚ gzip:   0.35 kB[22m
[2mdist/[22m[36massets/d-oIIOHUkA.js                         [39m[1m[2m    0.50 kB[22m[1m[22m[2m â”‚ gzip:   0.35 kB[22m
[2mdist/[22m[36massets/dart-BUirv38L.js                      [39m[1m[2m    0.50 kB[22m[1m[22m[2m â”‚ gzip:   0.35 kB[22m
[2mdist/[22m[36massets/diff-Bw_793i9.js                      [39m[1m[2m    0.50 kB[22m[1m[22m[2m â”‚ gzip:   0.35 kB[22m
[2mdist/[22m[36massets/dns-CYQwixpU.js                       [39m[1m[2m    0.50 kB[22m[1m[22m[2m â”‚ gzip:   0.35 kB[22m
[2mdist/[22m[36massets/dos-2EORHO67.js                       [39m[1m[2m    0.50 kB[22m[1m[22m[2m â”‚ gzip:   0.35 kB[22m
[2mdist/[22m[36massets/dts-GY-mOkpx.js                       [39m[1m[2m    0.50 kB[22m[1m[22m[2m â”‚ gzip:   0.35 kB[22m
[2mdist/[22m[36massets/dust-DqyZ2K9l.js                      [39m[1m[2m    0.50 kB[22m[1m[22m[2m â”‚ gzip:   0.35 kB[22m
[2mdist/[22m[36massets/ebnf-DsWx5F74.js                      [39m[1m[2m    0.50 kB[22m[1m[22m[2m â”‚ gzip:   0.35 kB[22m
[2mdist/[22m[36massets/elixir--HQRZmZ3.js                    [39m[1m[2m    0.50 kB[22m[1m[22m[2m â”‚ gzip:   0.35 kB[22m
[2mdist/[22m[36massets/elm-BPNhKS4J.js                       [39m[1m[2m    0.50 kB[22m[1m[22m[2m â”‚ gzip:   0.35 kB[22m
[2mdist/[22m[36massets/erb-D_vD65GY.js                       [39m[1m[2m    0.50 kB[22m[1m[22m[2m â”‚ gzip:   0.35 kB[22m
[2mdist/[22m[36massets/erlang-repl-BB7173Jf.js               [39m[1m[2m    0.50 kB[22m[1m[22m[2m â”‚ gzip:   0.36 kB[22m
[2mdist/[22m[36massets/erlang-BH65HLuW.js                    [39m[1m[2m    0.50 kB[22m[1m[22m[2m â”‚ gzip:   0.36 kB[22m
[2mdist/[22m[36massets/excel-BWwm_exX.js                     [39m[1m[2m    0.50 kB[22m[1m[22m[2m â”‚ gzip:   0.35 kB[22m
[2mdist/[22m[36massets/fix-DhEPrsT5.js                       [39m[1m[2m    0.50 kB[22m[1m[22m[2m â”‚ gzip:   0.36 kB[22m
[2mdist/[22m[36massets/flix-C_o9KIed.js                      [39m[1m[2m    0.50 kB[22m[1m[22m[2m â”‚ gzip:   0.35 kB[22m
[2mdist/[22m[36massets/fortran-BKWefMtf.js                   [39m[1m[2m    0.50 kB[22m[1m[22m[2m â”‚ gzip:   0.36 kB[22m
[2mdist/[22m[36massets/fsharp-CEbmyFoS.js                    [39m[1m[2m    0.50 kB[22m[1m[22m[2m â”‚ gzip:   0.36 kB[22m
[2mdist/[22m[36massets/gams-DUrUOqOx.js                      [39m[1m[2m    0.50 kB[22m[1m[22m[2m â”‚ gzip:   0.35 kB[22m
[2mdist/[22m[36massets/gauss-BiPiUYFM.js                     [39m[1m[2m    0.50 kB[22m[1m[22m[2m â”‚ gzip:   0.36 kB[22m
[2mdist/[22m[36massets/gcode-2Syn1eG6.js                     [39m[1m[2m    0.50 kB[22m[1m[22m[2m â”‚ gzip:   0.35 kB[22m
[2mdist/[22m[36massets/gherkin-B_uPlEX2.js                   [39m[1m[2m    0.50 kB[22m[1m[22m[2m â”‚ gzip:   0.35 kB[22m
[2mdist/[22m[36massets/glsl-CjUgi_g9.js                      [39m[1m[2m    0.50 kB[22m[1m[22m[2m â”‚ gzip:   0.35 kB[22m
[2mdist/[22m[36massets/gml-y_MXEKvs.js                       [39m[1m[2m    0.50 kB[22m[1m[22m[2m â”‚ gzip:   0.35 kB[22m
[2mdist/[22m[36massets/go-kWYPbQaj.js                        [39m[1m[2m    0.50 kB[22m[1m[22m[2m â”‚ gzip:   0.35 kB[22m
[2mdist/[22m[36massets/golo-CSRys0rS.js                      [39m[1m[2m    0.50 kB[22m[1m[22m[2m â”‚ gzip:   0.35 kB[22m
[2mdist/[22m[36massets/groovy-pv2GN1jr.js                    [39m[1m[2m    0.50 kB[22m[1m[22m[2m â”‚ gzip:   0.35 kB[22m
[2mdist/[22m[36massets/haml-5Msuq360.js                      [39m[1m[2m    0.50 kB[22m[1m[22m[2m â”‚ gzip:   0.35 kB[22m
[2mdist/[22m[36massets/handlebars-C2zpF72X.js                [39m[1m[2m    0.50 kB[22m[1m[22m[2m â”‚ gzip:   0.36 kB[22m
[2mdist/[22m[36massets/haskell-BrD-LL7t.js                   [39m[1m[2m    0.50 kB[22m[1m[22m[2m â”‚ gzip:   0.35 kB[22m
[2mdist/[22m[36massets/haxe-LYtwlK4j.js                      [39m[1m[2m    0.50 kB[22m[1m[22m[2m â”‚ gzip:   0.35 kB[22m
[2mdist/[22m[36massets/hsp-B_luJNZ7.js                       [39m[1m[2m    0.50 kB[22m[1m[22m[2m â”‚ gzip:   0.36 kB[22m
[2mdist/[22m[36massets/htmlbars-DCKoOosU.js                  [39m[1m[2m    0.50 kB[22m[1m[22m[2m â”‚ gzip:   0.35 kB[22m
[2mdist/[22m[36massets/http-BhoOAyDZ.js                      [39m[1m[2m    0.50 kB[22m[1m[22m[2m â”‚ gzip:   0.35 kB[22m
[2mdist/[22m[36massets/hy-DnhvY2MN.js                        [39m[1m[2m    0.50 kB[22m[1m[22m[2m â”‚ gzip:   0.35 kB[22m
[2mdist/[22m[36massets/inform7-CgF-v9o-.js                   [39m[1m[2m    0.50 kB[22m[1m[22m[2m â”‚ gzip:   0.35 kB[22m
[2mdist/[22m[36massets/ini-CIU0cUZZ.js                       [39m[1m[2m    0.50 kB[22m[1m[22m[2m â”‚ gzip:   0.35 kB[22m
[2mdist/[22m[36massets/irpf90-BIadD3xR.js                    [39m[1m[2m    0.50 kB[22m[1m[22m[2m â”‚ gzip:   0.35 kB[22m
[2mdist/[22m[36massets/isbl-W5VPVR2X.js                      [39m[1m[2m    0.50 kB[22m[1m[22m[2m â”‚ gzip:   0.35 kB[22m
[2mdist/[22m[36massets/java-CS4Eov3Y.js                      [39m[1m[2m    0.50 kB[22m[1m[22m[2m â”‚ gzip:   0.35 kB[22m
[2mdist/[22m[36massets/javascript-DzZ12Eel.js                [39m[1m[2m    0.50 kB[22m[1m[22m[2m â”‚ gzip:   0.35 kB[22m
[2mdist/[22m[36massets/jboss-cli-CAIFY91I.js                 [39m[1m[2m    0.50 kB[22m[1m[22m[2m â”‚ gzip:   0.36 kB[22m
[2mdist/[22m[36massets/json-DrZx4ku7.js                      [39m[1m[2m    0.50 kB[22m[1m[22m[2m â”‚ gzip:   0.36 kB[22m
[2mdist/[22m[36massets/julia-repl-C5WM82Sq.js                [39m[1m[2m    0.50 kB[22m[1m[22m[2m â”‚ gzip:   0.35 kB[22m
[2mdist/[22m[36massets/julia-CX1Mrl72.js                     [39m[1m[2m    0.50 kB[22m[1m[22m[2m â”‚ gzip:   0.35 kB[22m
[2mdist/[22m[36massets/kotlin-CsSQAgT2.js                    [39m[1m[2m    0.50 kB[22m[1m[22m[2m â”‚ gzip:   0.35 kB[22m
[2mdist/[22m[36massets/lasso-Cifs8Qgk.js                     [39m[1m[2m    0.50 kB[22m[1m[22m[2m â”‚ gzip:   0.35 kB[22m
[2mdist/[22m[36massets/latex-DSeo5aK4.js                     [39m[1m[2m    0.50 kB[22m[1m[22m[2m â”‚ gzip:   0.35 kB[22m
[2mdist/[22m[36massets/ldif-C4xPwsr_.js                      [39m[1m[2m    0.50 kB[22m[1m[22m[2m â”‚ gzip:   0.35 kB[22m
[2mdist/[22m[36massets/leaf-DwS6dEmo.js                      [39m[1m[2m    0.50 kB[22m[1m[22m[2m â”‚ gzip:   0.35 kB[22m
[2mdist/[22m[36massets/less-CI4af7Ng.js                      [39m[1m[2m    0.50 kB[22m[1m[22m[2m â”‚ gzip:   0.35 kB[22m
[2mdist/[22m[36massets/lisp-CzYJpEef.js                      [39m[1m[2m    0.50 kB[22m[1m[22m[2m â”‚ gzip:   0.35 kB[22m
[2mdist/[22m[36massets/livecodeserver-rAZ6DATD.js            [39m[1m[2m    0.50 kB[22m[1m[22m[2m â”‚ gzip:   0.36 kB[22m
[2mdist/[22m[36massets/livescript-hXakHvBW.js                [39m[1m[2m    0.50 kB[22m[1m[22m[2m â”‚ gzip:   0.35 kB[22m
[2mdist/[22m[36massets/llvm-CTcZ2rGS.js                      [39m[1m[2m    0.50 kB[22m[1m[22m[2m â”‚ gzip:   0.36 kB[22m
[2mdist/[22m[36massets/lsl-DvlxK7eq.js                       [39m[1m[2m    0.50 kB[22m[1m[22m[2m â”‚ gzip:   0.35 kB[22m
[2mdist/[22m[36massets/lua-Bt7y7JbK.js                       [39m[1m[2m    0.50 kB[22m[1m[22m[2m â”‚ gzip:   0.35 kB[22m
[2mdist/[22m[36massets/makefile-DpY4fl5i.js                  [39m[1m[2m    0.50 kB[22m[1m[22m[2m â”‚ gzip:   0.36 kB[22m
[2mdist/[22m[36massets/markdown-iL20K9Nf.js                  [39m[1m[2m    0.50 kB[22m[1m[22m[2m â”‚ gzip:   0.36 kB[22m
[2mdist/[22m[36massets/mathematica-2evksUow.js               [39m[1m[2m    0.50 kB[22m[1m[22m[2m â”‚ gzip:   0.35 kB[22m
[2mdist/[22m[36massets/matlab-aA8tY-05.js                    [39m[1m[2m    0.50 kB[22m[1m[22m[2m â”‚ gzip:   0.35 kB[22m
[2mdist/[22m[36massets/maxima-Bw_ZvWb5.js                    [39m[1m[2m    0.50 kB[22m[1m[22m[2m â”‚ gzip:   0.35 kB[22m
[2mdist/[22m[36massets/mel-CtFiKgjp.js                       [39m[1m[2m    0.50 kB[22m[1m[22m[2m â”‚ gzip:   0.36 kB[22m
[2mdist/[22m[36massets/mercury-BffsWY9q.js                   [39m[1m[2m    0.50 kB[22m[1m[22m[2m â”‚ gzip:   0.36 kB[22m
[2mdist/[22m[36massets/mipsasm-D4qFJRn4.js                   [39m[1m[2m    0.50 kB[22m[1m[22m[2m â”‚ gzip:   0.35 kB[22m
[2mdist/[22m[36massets/mizar-Dw7awNrO.js                     [39m[1m[2m    0.50 kB[22m[1m[22m[2m â”‚ gzip:   0.35 kB[22m
[2mdist/[22m[36massets/mojolicious-BhZ6Qiz-.js               [39m[1m[2m    0.50 kB[22m[1m[22m[2m â”‚ gzip:   0.36 kB[22m
[2mdist/[22m[36massets/monkey-RU_DVraY.js                    [39m[1m[2m    0.50 kB[22m[1m[22m[2m â”‚ gzip:   0.35 kB[22m
[2mdist/[22m[36massets/moonscript-CydWHrN_.js                [39m[1m[2m    0.50 kB[22m[1m[22m[2m â”‚ gzip:   0.35 kB[22m
[2mdist/[22m[36massets/n1ql-Dp1k5ouE.js                      [39m[1m[2m    0.50 kB[22m[1m[22m[2m â”‚ gzip:   0.35 kB[22m
[2mdist/[22m[36massets/nginx-D6z20-l1.js                     [39m[1m[2m    0.50 kB[22m[1m[22m[2m â”‚ gzip:   0.35 kB[22m
[2mdist/[22m[36massets/nim-Ca7bsgzI.js                       [39m[1m[2m    0.50 kB[22m[1m[22m[2m â”‚ gzip:   0.35 kB[22m
[2mdist/[22m[36massets/nix-DstowOHe.js                       [39m[1m[2m    0.50 kB[22m[1m[22m[2m â”‚ gzip:   0.35 kB[22m
[2mdist/[22m[36massets/node-repl-C0dwmd05.js                 [39m[1m[2m    0.50 kB[22m[1m[22m[2m â”‚ gzip:   0.35 kB[22m
[2mdist/[22m[36massets/nsis-No6M_lcg.js                      [39m[1m[2m    0.50 kB[22m[1m[22m[2m â”‚ gzip:   0.36 kB[22m
[2mdist/[22m[36massets/objectivec-ajFV8f1G.js                [39m[1m[2m    0.50 kB[22m[1m[22m[2m â”‚ gzip:   0.35 kB[22m
[2mdist/[22m[36massets/ocaml-CJSf7c6h.js                     [39m[1m[2m    0.50 kB[22m[1m[22m[2m â”‚ gzip:   0.36 kB[22m
[2mdist/[22m[36massets/openscad-B2sLNxiW.js                  [39m[1m[2m    0.50 kB[22m[1m[22m[2m â”‚ gzip:   0.35 kB[22m
[2mdist/[22m[36massets/oxygene-CtsZ9l3q.js                   [39m[1m[2m    0.50 kB[22m[1m[22m[2m â”‚ gzip:   0.35 kB[22m
[2mdist/[22m[36massets/parser3-CHo3C-Ye.js                   [39m[1m[2m    0.50 kB[22m[1m[22m[2m â”‚ gzip:   0.36 kB[22m
[2mdist/[22m[36massets/perl-i0Glmecj.js                      [39m[1m[2m    0.50 kB[22m[1m[22m[2m â”‚ gzip:   0.35 kB[22m
[2mdist/[22m[36massets/pf-BpNzSNZ4.js                        [39m[1m[2m    0.50 kB[22m[1m[22m[2m â”‚ gzip:   0.36 kB[22m
[2mdist/[22m[36massets/pgsql-hsbOib3-.js                     [39m[1m[2m    0.50 kB[22m[1m[22m[2m â”‚ gzip:   0.36 kB[22m
[2mdist/[22m[36massets/php-template-Bx8CVzmB.js              [39m[1m[2m    0.50 kB[22m[1m[22m[2m â”‚ gzip:   0.35 kB[22m
[2mdist/[22m[36massets/php-0_LXfq8M.js                       [39m[1m[2m    0.50 kB[22m[1m[22m[2m â”‚ gzip:   0.36 kB[22m
[2mdist/[22m[36massets/plaintext-BudYR98V.js                 [39m[1m[2m    0.50 kB[22m[1m[22m[2m â”‚ gzip:   0.35 kB[22m
[2mdist/[22m[36massets/pony-Cx7u2_Ar.js                      [39m[1m[2m    0.50 kB[22m[1m[22m[2m â”‚ gzip:   0.35 kB[22m
[2mdist/[22m[36massets/powershell-Dh9sK4eA.js                [39m[1m[2m    0.50 kB[22m[1m[22m[2m â”‚ gzip:   0.35 kB[22m
[2mdist/[22m[36massets/processing-gzrt74Bx.js                [39m[1m[2m    0.50 kB[22m[1m[22m[2m â”‚ gzip:   0.36 kB[22m
[2mdist/[22m[36massets/profile-DwrQp86L.js                   [39m[1m[2m    0.50 kB[22m[1m[22m[2m â”‚ gzip:   0.35 kB[22m
[2mdist/[22m[36massets/prolog-BUQ8Z497.js                    [39m[1m[2m    0.50 kB[22m[1m[22m[2m â”‚ gzip:   0.36 kB[22m
[2mdist/[22m[36massets/properties-CuTC1t1m.js                [39m[1m[2m    0.50 kB[22m[1m[22m[2m â”‚ gzip:   0.35 kB[22m
[2mdist/[22m[36massets/protobuf-DSY8g1Gk.js                  [39m[1m[2m    0.50 kB[22m[1m[22m[2m â”‚ gzip:   0.35 kB[22m
[2mdist/[22m[36massets/puppet-DE8AJlFL.js                    [39m[1m[2m    0.50 kB[22m[1m[22m[2m â”‚ gzip:   0.35 kB[22m
[2mdist/[22m[36massets/purebasic-CQ96qWW4.js                 [39m[1m[2m    0.50 kB[22m[1m[22m[2m â”‚ gzip:   0.35 kB[22m
[2mdist/[22m[36massets/python-repl-C76NWnD_.js               [39m[1m[2m    0.50 kB[22m[1m[22m[2m â”‚ gzip:   0.35 kB[22m
[2mdist/[22m[36massets/python-DyR9Jbp9.js                    [39m[1m[2m    0.50 kB[22m[1m[22m[2m â”‚ gzip:   0.35 kB[22m
[2mdist/[22m[36massets/q-RwNU8pov.js                         [39m[1m[2m    0.50 kB[22m[1m[22m[2m â”‚ gzip:   0.35 kB[22m
[2mdist/[22m[36massets/qml-DE0lGheR.js                       [39m[1m[2m    0.50 kB[22m[1m[22m[2m â”‚ gzip:   0.36 kB[22m
[2mdist/[22m[36massets/r-D0iuB5Ov.js                         [39m[1m[2m    0.50 kB[22m[1m[22m[2m â”‚ gzip:   0.35 kB[22m
[2mdist/[22m[36massets/reasonml-D_XwNblv.js                  [39m[1m[2m    0.50 kB[22m[1m[22m[2m â”‚ gzip:   0.35 kB[22m
[2mdist/[22m[36massets/rib-JuCLN3AL.js                       [39m[1m[2m    0.50 kB[22m[1m[22m[2m â”‚ gzip:   0.35 kB[22m
[2mdist/[22m[36massets/roboconf-ZggM-wGw.js                  [39m[1m[2m    0.50 kB[22m[1m[22m[2m â”‚ gzip:   0.35 kB[22m
[2mdist/[22m[36massets/routeros-BsrNSLvz.js                  [39m[1m[2m    0.50 kB[22m[1m[22m[2m â”‚ gzip:   0.35 kB[22m
[2mdist/[22m[36massets/rsl-qNext92F.js                       [39m[1m[2m    0.50 kB[22m[1m[22m[2m â”‚ gzip:   0.35 kB[22m
[2mdist/[22m[36massets/ruby-DdU-sxO5.js                      [39m[1m[2m    0.50 kB[22m[1m[22m[2m â”‚ gzip:   0.36 kB[22m
[2mdist/[22m[36massets/ruleslanguage-kJXf5dlH.js             [39m[1m[2m    0.50 kB[22m[1m[22m[2m â”‚ gzip:   0.36 kB[22m
[2mdist/[22m[36massets/rust-Dqxkp3ct.js                      [39m[1m[2m    0.50 kB[22m[1m[22m[2m â”‚ gzip:   0.35 kB[22m
[2mdist/[22m[36massets/sas-7svsFKT0.js                       [39m[1m[2m    0.50 kB[22m[1m[22m[2m â”‚ gzip:   0.36 kB[22m
[2mdist/[22m[36massets/scala-Dv4NZgWr.js                     [39m[1m[2m    0.50 kB[22m[1m[22m[2m â”‚ gzip:   0.35 kB[22m
[2mdist/[22m[36massets/scheme-CqquV8T7.js                    [39m[1m[2m    0.50 kB[22m[1m[22m[2m â”‚ gzip:   0.35 kB[22m
[2mdist/[22m[36massets/scilab-BlrT48D5.js                    [39m[1m[2m    0.50 kB[22m[1m[22m[2m â”‚ gzip:   0.35 kB[22m
[2mdist/[22m[36massets/scss-D5_Mlvv4.js                      [39m[1m[2m    0.50 kB[22m[1m[22m[2m â”‚ gzip:   0.36 kB[22m
[2mdist/[22m[36massets/shell-Xx2l30BL.js                     [39m[1m[2m    0.50 kB[22m[1m[22m[2m â”‚ gzip:   0.35 kB[22m
[2mdist/[22m[36massets/smali-BLCB7Ujn.js                     [39m[1m[2m    0.50 kB[22m[1m[22m[2m â”‚ gzip:   0.35 kB[22m
[2mdist/[22m[36massets/smalltalk-Br9uIYxZ.js                 [39m[1m[2m    0.50 kB[22m[1m[22m[2m â”‚ gzip:   0.35 kB[22m
[2mdist/[22m[36massets/sml-Avm55niv.js                       [39m[1m[2m    0.50 kB[22m[1m[22m[2m â”‚ gzip:   0.35 kB[22m
[2mdist/[22m[36massets/sqf-BCSXqxPw.js                       [39m[1m[2m    0.50 kB[22m[1m[22m[2m â”‚ gzip:   0.36 kB[22m
[2mdist/[22m[36massets/sql-CcebyFTw.js                       [39m[1m[2m    0.50 kB[22m[1m[22m[2m â”‚ gzip:   0.35 kB[22m
[2mdist/[22m[36massets/sql_more-SIz64HAP.js                  [39m[1m[2m    0.50 kB[22m[1m[22m[2m â”‚ gzip:   0.35 kB[22m
[2mdist/[22m[36massets/stan-BI6TXjpZ.js                      [39m[1m[2m    0.50 kB[22m[1m[22m[2m â”‚ gzip:   0.36 kB[22m
[2mdist/[22m[36massets/stata-DRCBn-I8.js                     [39m[1m[2m    0.50 kB[22m[1m[22m[2m â”‚ gzip:   0.36 kB[22m
[2mdist/[22m[36massets/step21-ruKDZgmb.js                    [39m[1m[2m    0.50 kB[22m[1m[22m[2m â”‚ gzip:   0.35 kB[22m
[2mdist/[22m[36massets/stylus-BCAzl0Kd.js                    [39m[1m[2m    0.50 kB[22m[1m[22m[2m â”‚ gzip:   0.35 kB[22m
[2mdist/[22m[36massets/subunit-z537clcR.js                   [39m[1m[2m    0.50 kB[22m[1m[22m[2m â”‚ gzip:   0.35 kB[22m
[2mdist/[22m[36massets/swift-DHRz21dC.js                     [39m[1m[2m    0.50 kB[22m[1m[22m[2m â”‚ gzip:   0.35 kB[22m
[2mdist/[22m[36massets/taggerscript-C1ji13MM.js              [39m[1m[2m    0.50 kB[22m[1m[22m[2m â”‚ gzip:   0.36 kB[22m
[2mdist/[22m[36massets/tap-DO-hLz2_.js                       [39m[1m[2m    0.50 kB[22m[1m[22m[2m â”‚ gzip:   0.35 kB[22m
[2mdist/[22m[36massets/tcl-CafaHO5O.js                       [39m[1m[2m    0.50 kB[22m[1m[22m[2m â”‚ gzip:   0.35 kB[22m
[2mdist/[22m[36massets/thrift-BG3cDHYk.js                    [39m[1m[2m    0.50 kB[22m[1m[22m[2m â”‚ gzip:   0.35 kB[22m
[2mdist/[22m[36massets/tp-C14T4m52.js                        [39m[1m[2m    0.50 kB[22m[1m[22m[2m â”‚ gzip:   0.35 kB[22m
[2mdist/[22m[36massets/twig-WDwcG6CP.js                      [39m[1m[2m    0.50 kB[22m[1m[22m[2m â”‚ gzip:   0.35 kB[22m
[2mdist/[22m[36massets/typescript-Bds9nvg7.js                [39m[1m[2m    0.50 kB[22m[1m[22m[2m â”‚ gzip:   0.35 kB[22m
[2mdist/[22m[36massets/vala-DwjHWhhg.js                      [39m[1m[2m    0.50 kB[22m[1m[22m[2m â”‚ gzip:   0.35 kB[22m
[2mdist/[22m[36massets/vbnet-D-hFIBVc.js                     [39m[1m[2m    0.50 kB[22m[1m[22m[2m â”‚ gzip:   0.35 kB[22m
[2mdist/[22m[36massets/vbscript-html-eMY_ZREJ.js             [39m[1m[2m    0.50 kB[22m[1m[22m[2m â”‚ gzip:   0.35 kB[22m
[2mdist/[22m[36massets/vbscript-DRA9vE5k.js                  [39m[1m[2m    0.50 kB[22m[1m[22m[2m â”‚ gzip:   0.35 kB[22m
[2mdist/[22m[36massets/verilog-a3zjMybj.js                   [39m[1m[2m    0.50 kB[22m[1m[22m[2m â”‚ gzip:   0.35 kB[22m
[2mdist/[22m[36massets/vhdl-hbStqkf_.js                      [39m[1m[2m    0.50 kB[22m[1m[22m[2m â”‚ gzip:   0.36 kB[22m
[2mdist/[22m[36massets/vim-DWHkI5us.js                       [39m[1m[2m    0.50 kB[22m[1m[22m[2m â”‚ gzip:   0.35 kB[22m
[2mdist/[22m[36massets/x86asm-EgfRDvjg.js                    [39m[1m[2m    0.50 kB[22m[1m[22m[2m â”‚ gzip:   0.35 kB[22m
[2mdist/[22m[36massets/xl-Bc-x6Hxv.js                        [39m[1m[2m    0.50 kB[22m[1m[22m[2m â”‚ gzip:   0.35 kB[22m
[2mdist/[22m[36massets/xml-07K7ZyKe.js                       [39m[1m[2m    0.50 kB[22m[1m[22m[2m â”‚ gzip:   0.36 kB[22m
[2mdist/[22m[36massets/xquery-CfekP8hs.js                    [39m[1m[2m    0.50 kB[22m[1m[22m[2m â”‚ gzip:   0.35 kB[22m
[2mdist/[22m[36massets/yaml-0DFMmU7v.js                      [39m[1m[2m    0.50 kB[22m[1m[22m[2m â”‚ gzip:   0.36 kB[22m
[2mdist/[22m[36massets/zephir-CgZBp6k0.js                    [39m[1m[2m    0.50 kB[22m[1m[22m[2m â”‚ gzip:   0.36 kB[22m
[2mdist/[22m[36massets/index-DSFiCYCv.js                     [39m[1m[33m  986.65 kB[39m[22m[2m â”‚ gzip: 314.97 kB[22m
[2mdist/[22m[36massets/index-CytvxSoI.js                     [39m[1m[33m1,577.03 kB[39m[22m[2m â”‚ gzip: 513.94 kB[22m
[33m
(!) Some chunks are larger than 500 kB after minification. Consider:
- Using dynamic import() to code-split the application
- Use build.rollupOptions.output.manualChunks to improve chunking: https://rollupjs.org/configuration-options/#output-manualchunks
- Adjust chunk size limit for this warning via build.chunkSizeWarningLimit.[39m
[32mâœ“ built in 19.43s[39m
[0;32mâœ“ UI built successfully[0m
  Assets: 471 files
  Size: 3.2M

[0;34m[2/4] Preparing UI for embedding...[0m
[1;33mCopying UI to embed directory...[0m
[0;32mâœ“ UI prepared for embedding[0m

[0;34m[3/4] Building Go binary with embedded UI...[0m
[1;33mCompiling for Windows 64-bit...[0m
[1;33mBuilding for Windows (CPU)...[0m
[1;33mFor GPU support on Windows, build on Windows with CUDA/Vulkan SDK[0m
go: downloading github.com/joho/godotenv v1.5.1
go: downloading golang.org/x/term v0.36.0
go: downloading golang.org/x/sys v0.37.0
go: downloading github.com/golang-jwt/jwt/v5 v5.3.0
go: downloading github.com/tmc/langchaingo v0.1.13
go: downloading github.com/gorilla/websocket v1.5.3
go: downloading github.com/pkoukk/tiktoken-go v0.1.6
go: downloading github.com/dlclark/regexp2 v1.10.0
# runtime/cgo
cgo: C compiler "gcc" not found: exec: "gcc": executable file not found in %PATH%
