mode: set
hyperion-coordinator/ai-service/tools/bash_tool.go:39.34,41.2 1 0
hyperion-coordinator/ai-service/tools/bash_tool.go:44.41,46.2 1 0
hyperion-coordinator/ai-service/tools/bash_tool.go:49.76,51.66 2 1
hyperion-coordinator/ai-service/tools/bash_tool.go:51.66,53.3 1 1
hyperion-coordinator/ai-service/tools/bash_tool.go:56.2,56.48 1 1
hyperion-coordinator/ai-service/tools/bash_tool.go:56.48,58.3 1 1
hyperion-coordinator/ai-service/tools/bash_tool.go:61.2,62.46 2 1
hyperion-coordinator/ai-service/tools/bash_tool.go:62.46,63.44 1 1
hyperion-coordinator/ai-service/tools/bash_tool.go:63.44,65.4 1 1
hyperion-coordinator/ai-service/tools/bash_tool.go:69.2,70.18 2 1
hyperion-coordinator/ai-service/tools/bash_tool.go:70.18,72.3 1 1
hyperion-coordinator/ai-service/tools/bash_tool.go:75.2,85.45 7 1
hyperion-coordinator/ai-service/tools/bash_tool.go:85.45,87.3 1 1
hyperion-coordinator/ai-service/tools/bash_tool.go:89.2,93.16 2 1
hyperion-coordinator/ai-service/tools/bash_tool.go:93.16,94.47 1 1
hyperion-coordinator/ai-service/tools/bash_tool.go:94.47,98.4 3 1
hyperion-coordinator/ai-service/tools/bash_tool.go:98.9,100.4 1 0
hyperion-coordinator/ai-service/tools/bash_tool.go:101.8,104.3 2 1
hyperion-coordinator/ai-service/tools/bash_tool.go:106.2,107.16 2 1
hyperion-coordinator/ai-service/tools/bash_tool.go:107.16,109.3 1 0
hyperion-coordinator/ai-service/tools/bash_tool.go:111.2,111.28 1 1
hyperion-coordinator/ai-service/tools/file_tool.go:40.38,42.2 1 0
hyperion-coordinator/ai-service/tools/file_tool.go:45.45,47.2 1 0
hyperion-coordinator/ai-service/tools/file_tool.go:50.80,52.66 2 1
hyperion-coordinator/ai-service/tools/file_tool.go:52.66,54.3 1 0
hyperion-coordinator/ai-service/tools/file_tool.go:57.2,57.57 1 1
hyperion-coordinator/ai-service/tools/file_tool.go:57.57,59.3 1 1
hyperion-coordinator/ai-service/tools/file_tool.go:62.2,63.16 2 1
hyperion-coordinator/ai-service/tools/file_tool.go:63.16,65.3 1 1
hyperion-coordinator/ai-service/tools/file_tool.go:67.2,67.18 1 1
hyperion-coordinator/ai-service/tools/file_tool.go:67.18,69.3 1 1
hyperion-coordinator/ai-service/tools/file_tool.go:72.2,73.45 2 1
hyperion-coordinator/ai-service/tools/file_tool.go:73.45,75.3 1 1
hyperion-coordinator/ai-service/tools/file_tool.go:78.2,78.35 1 1
hyperion-coordinator/ai-service/tools/file_tool.go:78.35,80.3 1 1
hyperion-coordinator/ai-service/tools/file_tool.go:83.2,84.16 2 1
hyperion-coordinator/ai-service/tools/file_tool.go:84.16,86.3 1 0
hyperion-coordinator/ai-service/tools/file_tool.go:89.2,90.25 2 1
hyperion-coordinator/ai-service/tools/file_tool.go:90.25,92.3 1 1
hyperion-coordinator/ai-service/tools/file_tool.go:94.2,102.16 3 1
hyperion-coordinator/ai-service/tools/file_tool.go:102.16,104.3 1 0
hyperion-coordinator/ai-service/tools/file_tool.go:106.2,106.28 1 1
hyperion-coordinator/ai-service/tools/file_tool.go:126.39,128.2 1 0
hyperion-coordinator/ai-service/tools/file_tool.go:131.46,133.2 1 0
hyperion-coordinator/ai-service/tools/file_tool.go:136.81,138.67 2 1
hyperion-coordinator/ai-service/tools/file_tool.go:138.67,140.3 1 0
hyperion-coordinator/ai-service/tools/file_tool.go:143.2,143.58 1 1
hyperion-coordinator/ai-service/tools/file_tool.go:143.58,145.3 1 1
hyperion-coordinator/ai-service/tools/file_tool.go:148.2,149.38 2 1
hyperion-coordinator/ai-service/tools/file_tool.go:149.38,151.3 1 1
hyperion-coordinator/ai-service/tools/file_tool.go:154.2,154.27 1 1
hyperion-coordinator/ai-service/tools/file_tool.go:154.27,156.48 2 1
hyperion-coordinator/ai-service/tools/file_tool.go:156.48,158.4 1 0
hyperion-coordinator/ai-service/tools/file_tool.go:162.2,163.67 2 1
hyperion-coordinator/ai-service/tools/file_tool.go:163.67,165.3 1 0
hyperion-coordinator/ai-service/tools/file_tool.go:167.2,167.65 1 1
hyperion-coordinator/ai-service/tools/file_tool.go:167.65,170.3 2 0
hyperion-coordinator/ai-service/tools/file_tool.go:172.2,178.16 3 1
hyperion-coordinator/ai-service/tools/file_tool.go:178.16,180.3 1 0
hyperion-coordinator/ai-service/tools/file_tool.go:182.2,182.28 1 1
hyperion-coordinator/ai-service/tools/file_tool.go:213.43,215.2 1 0
hyperion-coordinator/ai-service/tools/file_tool.go:218.50,220.2 1 0
hyperion-coordinator/ai-service/tools/file_tool.go:223.85,225.66 2 1
hyperion-coordinator/ai-service/tools/file_tool.go:225.66,227.3 1 0
hyperion-coordinator/ai-service/tools/file_tool.go:230.2,230.53 1 1
hyperion-coordinator/ai-service/tools/file_tool.go:230.53,232.3 1 0
hyperion-coordinator/ai-service/tools/file_tool.go:235.2,236.16 2 1
hyperion-coordinator/ai-service/tools/file_tool.go:236.16,238.3 1 1
hyperion-coordinator/ai-service/tools/file_tool.go:240.2,240.19 1 1
hyperion-coordinator/ai-service/tools/file_tool.go:240.19,242.3 1 1
hyperion-coordinator/ai-service/tools/file_tool.go:244.2,246.25 2 1
hyperion-coordinator/ai-service/tools/file_tool.go:246.25,248.92 1 1
hyperion-coordinator/ai-service/tools/file_tool.go:248.92,249.18 1 1
hyperion-coordinator/ai-service/tools/file_tool.go:249.18,251.5 1 0
hyperion-coordinator/ai-service/tools/file_tool.go:254.4,254.91 1 1
hyperion-coordinator/ai-service/tools/file_tool.go:254.91,255.18 1 1
hyperion-coordinator/ai-service/tools/file_tool.go:255.18,257.6 1 0
hyperion-coordinator/ai-service/tools/file_tool.go:258.5,258.15 1 1
hyperion-coordinator/ai-service/tools/file_tool.go:262.4,263.18 2 1
hyperion-coordinator/ai-service/tools/file_tool.go:263.18,265.5 1 0
hyperion-coordinator/ai-service/tools/file_tool.go:267.4,277.37 2 1
hyperion-coordinator/ai-service/tools/file_tool.go:277.37,279.5 1 0
hyperion-coordinator/ai-service/tools/file_tool.go:281.4,281.14 1 1
hyperion-coordinator/ai-service/tools/file_tool.go:284.3,284.34 1 1
hyperion-coordinator/ai-service/tools/file_tool.go:284.34,286.4 1 0
hyperion-coordinator/ai-service/tools/file_tool.go:287.8,290.17 2 1
hyperion-coordinator/ai-service/tools/file_tool.go:290.17,292.4 1 0
hyperion-coordinator/ai-service/tools/file_tool.go:294.3,294.32 1 1
hyperion-coordinator/ai-service/tools/file_tool.go:294.32,296.65 1 1
hyperion-coordinator/ai-service/tools/file_tool.go:296.65,297.13 1 1
hyperion-coordinator/ai-service/tools/file_tool.go:300.4,301.18 2 1
hyperion-coordinator/ai-service/tools/file_tool.go:301.18,302.13 1 0
hyperion-coordinator/ai-service/tools/file_tool.go:305.4,316.37 3 1
hyperion-coordinator/ai-service/tools/file_tool.go:316.37,317.10 1 0
hyperion-coordinator/ai-service/tools/file_tool.go:323.2,323.42 1 1
hyperion-coordinator/ai-service/tools/file_tool.go:323.42,325.3 1 1
hyperion-coordinator/ai-service/tools/file_tool.go:327.2,334.16 3 1
hyperion-coordinator/ai-service/tools/file_tool.go:334.16,336.3 1 0
hyperion-coordinator/ai-service/tools/file_tool.go:338.2,338.28 1 1
hyperion-coordinator/ai-service/tools/file_tool.go:342.38,344.35 1 1
hyperion-coordinator/ai-service/tools/file_tool.go:344.35,346.3 1 0
hyperion-coordinator/ai-service/tools/file_tool.go:349.2,349.34 1 1
hyperion-coordinator/ai-service/tools/file_tool.go:349.34,351.3 1 1
hyperion-coordinator/ai-service/tools/file_tool.go:354.2,355.16 2 1
hyperion-coordinator/ai-service/tools/file_tool.go:355.16,357.3 1 0
hyperion-coordinator/ai-service/tools/file_tool.go:360.2,361.23 2 1
hyperion-coordinator/ai-service/tools/file_tool.go:361.23,363.55 2 0
hyperion-coordinator/ai-service/tools/file_tool.go:363.55,364.39 1 0
hyperion-coordinator/ai-service/tools/file_tool.go:364.39,366.10 2 0
hyperion-coordinator/ai-service/tools/file_tool.go:369.3,369.15 1 0
hyperion-coordinator/ai-service/tools/file_tool.go:369.15,371.4 1 0
hyperion-coordinator/ai-service/tools/file_tool.go:374.2,374.12 1 1
hyperion-coordinator/ai-service/tools/patch_tool.go:40.40,42.2 1 0
hyperion-coordinator/ai-service/tools/patch_tool.go:45.47,47.2 1 0
hyperion-coordinator/ai-service/tools/patch_tool.go:50.82,52.67 2 1
hyperion-coordinator/ai-service/tools/patch_tool.go:52.67,54.3 1 1
hyperion-coordinator/ai-service/tools/patch_tool.go:57.2,57.58 1 1
hyperion-coordinator/ai-service/tools/patch_tool.go:57.58,59.3 1 0
hyperion-coordinator/ai-service/tools/patch_tool.go:62.2,62.56 1 1
hyperion-coordinator/ai-service/tools/patch_tool.go:62.56,64.3 1 0
hyperion-coordinator/ai-service/tools/patch_tool.go:67.2,68.16 2 1
hyperion-coordinator/ai-service/tools/patch_tool.go:68.16,70.3 1 0
hyperion-coordinator/ai-service/tools/patch_tool.go:72.2,76.16 3 1
hyperion-coordinator/ai-service/tools/patch_tool.go:76.16,83.3 3 0
hyperion-coordinator/ai-service/tools/patch_tool.go:86.2,91.29 5 1
hyperion-coordinator/ai-service/tools/patch_tool.go:91.29,93.57 1 1
hyperion-coordinator/ai-service/tools/patch_tool.go:93.57,96.4 2 1
hyperion-coordinator/ai-service/tools/patch_tool.go:99.3,100.17 2 1
hyperion-coordinator/ai-service/tools/patch_tool.go:100.17,102.12 2 1
hyperion-coordinator/ai-service/tools/patch_tool.go:105.3,107.26 3 1
hyperion-coordinator/ai-service/tools/patch_tool.go:111.2,111.27 1 1
hyperion-coordinator/ai-service/tools/patch_tool.go:111.27,114.3 2 1
hyperion-coordinator/ai-service/tools/patch_tool.go:117.2,117.44 1 1
hyperion-coordinator/ai-service/tools/patch_tool.go:117.44,119.85 2 1
hyperion-coordinator/ai-service/tools/patch_tool.go:119.85,121.4 1 0
hyperion-coordinator/ai-service/tools/patch_tool.go:124.2,131.16 3 1
hyperion-coordinator/ai-service/tools/patch_tool.go:131.16,133.3 1 0
hyperion-coordinator/ai-service/tools/patch_tool.go:135.2,135.32 1 1
hyperion-coordinator/ai-service/tools/patch_tool.go:139.47,143.21 3 1
hyperion-coordinator/ai-service/tools/patch_tool.go:143.21,147.36 2 1
hyperion-coordinator/ai-service/tools/patch_tool.go:147.36,149.22 2 1
hyperion-coordinator/ai-service/tools/patch_tool.go:149.22,150.13 1 0
hyperion-coordinator/ai-service/tools/patch_tool.go:153.4,155.23 3 1
hyperion-coordinator/ai-service/tools/patch_tool.go:155.23,156.13 1 0
hyperion-coordinator/ai-service/tools/patch_tool.go:159.4,163.39 3 1
hyperion-coordinator/ai-service/tools/patch_tool.go:163.39,167.5 3 1
hyperion-coordinator/ai-service/tools/patch_tool.go:167.10,170.5 2 0
hyperion-coordinator/ai-service/tools/patch_tool.go:173.4,174.39 2 1
hyperion-coordinator/ai-service/tools/patch_tool.go:174.39,178.5 3 1
hyperion-coordinator/ai-service/tools/patch_tool.go:178.10,181.5 2 0
hyperion-coordinator/ai-service/tools/patch_tool.go:184.4,185.23 2 1
hyperion-coordinator/ai-service/tools/patch_tool.go:185.23,187.158 2 1
hyperion-coordinator/ai-service/tools/patch_tool.go:187.158,189.11 1 0
hyperion-coordinator/ai-service/tools/patch_tool.go:191.5,191.46 1 1
hyperion-coordinator/ai-service/tools/patch_tool.go:194.4,194.31 1 1
hyperion-coordinator/ai-service/tools/patch_tool.go:198.2,198.38 1 1
hyperion-coordinator/ai-service/tools/patch_tool.go:198.38,200.3 1 0
hyperion-coordinator/ai-service/tools/patch_tool.go:202.2,202.21 1 1
hyperion-coordinator/ai-service/tools/patch_tool.go:202.21,204.3 1 0
hyperion-coordinator/ai-service/tools/patch_tool.go:206.2,206.19 1 1
hyperion-coordinator/ai-service/tools/patch_tool.go:210.80,215.34 4 1
hyperion-coordinator/ai-service/tools/patch_tool.go:215.34,216.21 1 1
hyperion-coordinator/ai-service/tools/patch_tool.go:216.21,217.12 1 0
hyperion-coordinator/ai-service/tools/patch_tool.go:220.3,220.18 1 1
hyperion-coordinator/ai-service/tools/patch_tool.go:221.12,223.37 1 1
hyperion-coordinator/ai-service/tools/patch_tool.go:223.37,225.5 1 0
hyperion-coordinator/ai-service/tools/patch_tool.go:226.4,226.80 1 1
hyperion-coordinator/ai-service/tools/patch_tool.go:226.80,229.5 1 0
hyperion-coordinator/ai-service/tools/patch_tool.go:230.4,231.12 2 1
hyperion-coordinator/ai-service/tools/patch_tool.go:233.12,235.37 1 1
hyperion-coordinator/ai-service/tools/patch_tool.go:235.37,237.5 1 0
hyperion-coordinator/ai-service/tools/patch_tool.go:239.4,239.97 1 1
hyperion-coordinator/ai-service/tools/patch_tool.go:239.97,242.5 1 1
hyperion-coordinator/ai-service/tools/patch_tool.go:243.4,244.13 2 1
hyperion-coordinator/ai-service/tools/patch_tool.go:246.12,249.13 2 1
hyperion-coordinator/ai-service/tools/patch_tool.go:251.11,253.12 1 0
hyperion-coordinator/ai-service/tools/patch_tool.go:257.2,257.29 1 1
hyperion-coordinator/ai-service/tools/test_timeout.go:9.37,17.2 6 0
